This is pdfTeX, Version 3.14159265-2.6-1.40.19 (TeX Live 2018) (preloaded format=pdflatex 2018.4.16)  22 JUN 2025 21:46
entering extended mode
 restricted \write18 enabled.
 %&-line parsing enabled.
**xns.tex
(./xns.tex
LaTeX2e <2018-04-01> patch level 2
Babel <3.18> and hyphenation patterns for 84 language(s) loaded.
(./sphinxmanual.cls
Document Class: sphinxmanual 2019/12/01 v2.3.0 Document class (Sphinx manual)
(/usr/local/texlive/2018/texmf-dist/tex/latex/base/report.cls
Document Class: report 2014/09/29 v1.4h Standard LaTeX document class
(/usr/local/texlive/2018/texmf-dist/tex/latex/base/size10.clo
File: size10.clo 2014/09/29 v1.4h Standard LaTeX file (size option)
)
\c@part=\count80
\c@chapter=\count81
\c@section=\count82
\c@subsection=\count83
\c@subsubsection=\count84
\c@paragraph=\count85
\c@subparagraph=\count86
\c@figure=\count87
\c@table=\count88
\abovecaptionskip=\skip41
\belowcaptionskip=\skip42
\bibindent=\dimen102
)
LaTeX Info: Redefining \and on input line 35.
)
(/usr/local/texlive/2018/texmf-dist/tex/latex/base/inputenc.sty
Package: inputenc 2018/04/06 v1.3b Input encoding file
\inpenc@prehook=\toks14
\inpenc@posthook=\toks15
)
   defining Unicode char U+00A0 (decimal 160)
   defining Unicode char U+2500 (decimal 9472)
   defining Unicode char U+2502 (decimal 9474)
   defining Unicode char U+2514 (decimal 9492)
   defining Unicode char U+251C (decimal 9500)
   defining Unicode char U+2572 (decimal 9586)

(/usr/local/texlive/2018/texmf-dist/tex/latex/cmap/cmap.sty
Package: cmap 2008/03/06 v1.0h CMap support: searchable PDF
)
(/usr/local/texlive/2018/texmf-dist/tex/latex/base/fontenc.sty
Package: fontenc 2017/04/05 v2.0i Standard LaTeX package

(/usr/local/texlive/2018/texmf-dist/tex/latex/base/t1enc.def
File: t1enc.def 2017/04/05 v2.0i Standard LaTeX file
LaTeX Font Info:    Redeclaring font encoding T1 on input line 48.
)<<t1.cmap>>)
(/usr/local/texlive/2018/texmf-dist/tex/latex/amsmath/amsmath.sty
Package: amsmath 2017/09/02 v2.17a AMS math features
\@mathmargin=\skip43

For additional information on amsmath, use the `?' option.
(/usr/local/texlive/2018/texmf-dist/tex/latex/amsmath/amstext.sty
Package: amstext 2000/06/29 v2.01 AMS text

(/usr/local/texlive/2018/texmf-dist/tex/latex/amsmath/amsgen.sty
File: amsgen.sty 1999/11/30 v2.0 generic functions
\@emptytoks=\toks16
\ex@=\dimen103
))
(/usr/local/texlive/2018/texmf-dist/tex/latex/amsmath/amsbsy.sty
Package: amsbsy 1999/11/29 v1.2d Bold Symbols
\pmbraise@=\dimen104
)
(/usr/local/texlive/2018/texmf-dist/tex/latex/amsmath/amsopn.sty
Package: amsopn 2016/03/08 v2.02 operator names
)
\inf@bad=\count89
LaTeX Info: Redefining \frac on input line 213.
\uproot@=\count90
\leftroot@=\count91
LaTeX Info: Redefining \overline on input line 375.
\classnum@=\count92
\DOTSCASE@=\count93
LaTeX Info: Redefining \ldots on input line 472.
LaTeX Info: Redefining \dots on input line 475.
LaTeX Info: Redefining \cdots on input line 596.
\Mathstrutbox@=\box26
\strutbox@=\box27
\big@size=\dimen105
LaTeX Font Info:    Redeclaring font encoding OML on input line 712.
LaTeX Font Info:    Redeclaring font encoding OMS on input line 713.
\macc@depth=\count94
\c@MaxMatrixCols=\count95
\dotsspace@=\muskip10
\c@parentequation=\count96
\dspbrk@lvl=\count97
\tag@help=\toks17
\row@=\count98
\column@=\count99
\maxfields@=\count100
\andhelp@=\toks18
\eqnshift@=\dimen106
\alignsep@=\dimen107
\tagshift@=\dimen108
\tagwidth@=\dimen109
\totwidth@=\dimen110
\lineht@=\dimen111
\@envbody=\toks19
\multlinegap=\skip44
\multlinetaggap=\skip45
\mathdisplay@stack=\toks20
LaTeX Info: Redefining \[ on input line 2817.
LaTeX Info: Redefining \] on input line 2818.
)
(/usr/local/texlive/2018/texmf-dist/tex/latex/amsfonts/amssymb.sty
Package: amssymb 2013/01/14 v3.01 AMS font symbols

(/usr/local/texlive/2018/texmf-dist/tex/latex/amsfonts/amsfonts.sty
Package: amsfonts 2013/01/14 v3.01 Basic AMSFonts support
\symAMSa=\mathgroup4
\symAMSb=\mathgroup5
LaTeX Font Info:    Overwriting math alphabet `\mathfrak' in version `bold'
(Font)                  U/euf/m/n --> U/euf/b/n on input line 106.
))
(/usr/local/texlive/2018/texmf-dist/tex/generic/babel/babel.sty
Package: babel 2018/02/14 3.18 The Babel package

(/usr/local/texlive/2018/texmf-dist/tex/generic/babel/switch.def
File: switch.def 2018/02/14 3.18 Babel switching mechanism
)
(/usr/local/texlive/2018/texmf-dist/tex/generic/babel-english/english.ldf
Language: english 2017/06/06 v3.3r English support from the babel system

(/usr/local/texlive/2018/texmf-dist/tex/generic/babel/babel.def
File: babel.def 2018/02/14 3.18 Babel common definitions
\babel@savecnt=\count101
\U@D=\dimen112

(/usr/local/texlive/2018/texmf-dist/tex/generic/babel/txtbabel.def)
\bbl@dirlevel=\count102
)
\l@canadian = a dialect from \language\l@american 
\l@australian = a dialect from \language\l@british 
\l@newzealand = a dialect from \language\l@british 
))
(/usr/local/texlive/2018/texmf-dist/tex/latex/tex-gyre/tgtermes.sty
Package: tgtermes 2009/09/27 v1.2 TeX Gyre Termes as default roman family

(/usr/local/texlive/2018/texmf-dist/tex/latex/oberdiek/kvoptions.sty
Package: kvoptions 2016/05/16 v3.12 Key value format for package options (HO)

(/usr/local/texlive/2018/texmf-dist/tex/latex/graphics/keyval.sty
Package: keyval 2014/10/28 v1.15 key=value parser (DPC)
\KV@toks@=\toks21
)
(/usr/local/texlive/2018/texmf-dist/tex/generic/oberdiek/ltxcmds.sty
Package: ltxcmds 2016/05/16 v1.23 LaTeX kernel commands for general use (HO)
)
(/usr/local/texlive/2018/texmf-dist/tex/generic/oberdiek/kvsetkeys.sty
Package: kvsetkeys 2016/05/16 v1.17 Key value parser (HO)

(/usr/local/texlive/2018/texmf-dist/tex/generic/oberdiek/infwarerr.sty
Package: infwarerr 2016/05/16 v1.4 Providing info/warning/error messages (HO)
)
(/usr/local/texlive/2018/texmf-dist/tex/generic/oberdiek/etexcmds.sty
Package: etexcmds 2016/05/16 v1.6 Avoid name clashes with e-TeX commands (HO)

(/usr/local/texlive/2018/texmf-dist/tex/generic/oberdiek/ifluatex.sty
Package: ifluatex 2016/05/16 v1.4 Provides the ifluatex switch (HO)
Package ifluatex Info: LuaTeX not detected.
)
Package etexcmds Info: Could not find \expanded.
(etexcmds)             That can mean that you are not using pdfTeX 1.50 or
(etexcmds)             that some package has redefined \expanded.
(etexcmds)             In the latter case, load this package earlier.
))))
(/usr/local/texlive/2018/texmf-dist/tex/latex/tex-gyre/tgheros.sty
Package: tgheros 2009/09/27 v1.2 TeX Gyre Heros as default sans serif family
)
(/usr/local/texlive/2018/texmf-dist/tex/latex/fncychap/fncychap.sty
Package: fncychap 2007/07/30 v1.34 LaTeX package (Revised chapters)
\RW=\skip46
\mylen=\skip47
\myhi=\skip48
\px=\skip49
\py=\skip50
\pyy=\skip51
\pxx=\skip52
\c@AlphaCnt=\count103
\c@AlphaDecCnt=\count104
)
(./sphinx.sty
Package: sphinx 2024/11/23 v8.2.0 Sphinx LaTeX package (sphinx-doc)
 (/usr/local/texlive/2018/texmf-dist/tex/latex/xcolor/xcolor.sty
Package: xcolor 2016/05/11 v2.12 LaTeX color extensions (UK)

(/usr/local/texlive/2018/texmf-dist/tex/latex/graphics-cfg/color.cfg
File: color.cfg 2016/01/02 v1.6 sample color configuration
)
Package xcolor Info: Driver file: pdftex.def on input line 225.

(/usr/local/texlive/2018/texmf-dist/tex/latex/graphics-def/pdftex.def
File: pdftex.def 2018/01/08 v1.0l Graphics/color driver for pdftex
)
Package xcolor Info: Model `cmy' substituted by `cmy0' on input line 1348.
Package xcolor Info: Model `hsb' substituted by `rgb' on input line 1352.
Package xcolor Info: Model `RGB' extended on input line 1364.
Package xcolor Info: Model `HTML' substituted by `rgb' on input line 1366.
Package xcolor Info: Model `Hsb' substituted by `hsb' on input line 1367.
Package xcolor Info: Model `tHsb' substituted by `hsb' on input line 1368.
Package xcolor Info: Model `HSB' substituted by `hsb' on input line 1369.
Package xcolor Info: Model `Gray' substituted by `gray' on input line 1370.
Package xcolor Info: Model `wave' substituted by `hsb' on input line 1371.
)
(./sphinxoptionshyperref.sty
Package: sphinxoptionshyperref 2021/01/27 hyperref
) (./sphinxoptionsgeometry.sty
Package: sphinxoptionsgeometry 2021/01/27 geometry
)
(/usr/local/texlive/2018/texmf-dist/tex/latex/base/textcomp.sty
Package: textcomp 2017/04/05 v2.0i Standard LaTeX package
Package textcomp Info: Sub-encoding information:
(textcomp)               5 = only ISO-Adobe without \textcurrency
(textcomp)               4 = 5 + \texteuro
(textcomp)               3 = 4 + \textohm
(textcomp)               2 = 3 + \textestimated + \textcurrency
(textcomp)               1 = TS1 - \textcircled - \t
(textcomp)               0 = TS1 (full)
(textcomp)             Font families with sub-encoding setting implement
(textcomp)             only a restricted character set as indicated.
(textcomp)             Family '?' is the default used for unknown fonts.
(textcomp)             See the documentation for details.
Package textcomp Info: Setting ? sub-encoding to TS1/1 on input line 79.

(/usr/local/texlive/2018/texmf-dist/tex/latex/base/ts1enc.def
File: ts1enc.def 2001/06/05 v3.0e (jk/car/fm) Standard LaTeX file
Now handling font encoding TS1 ...
... processing UTF-8 mapping file for font encoding TS1

(/usr/local/texlive/2018/texmf-dist/tex/latex/base/ts1enc.dfu
File: ts1enc.dfu 2018/04/05 v1.2c UTF-8 support for inputenc
   defining Unicode char U+00A2 (decimal 162)
   defining Unicode char U+00A3 (decimal 163)
   defining Unicode char U+00A4 (decimal 164)
   defining Unicode char U+00A5 (decimal 165)
   defining Unicode char U+00A6 (decimal 166)
   defining Unicode char U+00A7 (decimal 167)
   defining Unicode char U+00A8 (decimal 168)
   defining Unicode char U+00A9 (decimal 169)
   defining Unicode char U+00AA (decimal 170)
   defining Unicode char U+00AC (decimal 172)
   defining Unicode char U+00AE (decimal 174)
   defining Unicode char U+00AF (decimal 175)
   defining Unicode char U+00B0 (decimal 176)
   defining Unicode char U+00B1 (decimal 177)
   defining Unicode char U+00B2 (decimal 178)
   defining Unicode char U+00B3 (decimal 179)
   defining Unicode char U+00B4 (decimal 180)
   defining Unicode char U+00B5 (decimal 181)
   defining Unicode char U+00B6 (decimal 182)
   defining Unicode char U+00B7 (decimal 183)
   defining Unicode char U+00B9 (decimal 185)
   defining Unicode char U+00BA (decimal 186)
   defining Unicode char U+00BC (decimal 188)
   defining Unicode char U+00BD (decimal 189)
   defining Unicode char U+00BE (decimal 190)
   defining Unicode char U+00D7 (decimal 215)
   defining Unicode char U+00F7 (decimal 247)
   defining Unicode char U+0192 (decimal 402)
   defining Unicode char U+02C7 (decimal 711)
   defining Unicode char U+02D8 (decimal 728)
   defining Unicode char U+02DD (decimal 733)
   defining Unicode char U+0E3F (decimal 3647)
   defining Unicode char U+2016 (decimal 8214)
   defining Unicode char U+2020 (decimal 8224)
   defining Unicode char U+2021 (decimal 8225)
   defining Unicode char U+2022 (decimal 8226)
   defining Unicode char U+2030 (decimal 8240)
   defining Unicode char U+2031 (decimal 8241)
   defining Unicode char U+203B (decimal 8251)
   defining Unicode char U+203D (decimal 8253)
   defining Unicode char U+2044 (decimal 8260)
   defining Unicode char U+204E (decimal 8270)
   defining Unicode char U+2052 (decimal 8274)
   defining Unicode char U+20A1 (decimal 8353)
   defining Unicode char U+20A4 (decimal 8356)
   defining Unicode char U+20A6 (decimal 8358)
   defining Unicode char U+20A9 (decimal 8361)
   defining Unicode char U+20AB (decimal 8363)
   defining Unicode char U+20AC (decimal 8364)
   defining Unicode char U+20B1 (decimal 8369)
   defining Unicode char U+2103 (decimal 8451)
   defining Unicode char U+2116 (decimal 8470)
   defining Unicode char U+2117 (decimal 8471)
   defining Unicode char U+211E (decimal 8478)
   defining Unicode char U+2120 (decimal 8480)
   defining Unicode char U+2122 (decimal 8482)
   defining Unicode char U+2126 (decimal 8486)
   defining Unicode char U+2127 (decimal 8487)
   defining Unicode char U+212E (decimal 8494)
   defining Unicode char U+2190 (decimal 8592)
   defining Unicode char U+2191 (decimal 8593)
   defining Unicode char U+2192 (decimal 8594)
   defining Unicode char U+2193 (decimal 8595)
   defining Unicode char U+2329 (decimal 9001)
   defining Unicode char U+232A (decimal 9002)
   defining Unicode char U+2422 (decimal 9250)
   defining Unicode char U+25E6 (decimal 9702)
   defining Unicode char U+25EF (decimal 9711)
   defining Unicode char U+266A (decimal 9834)
   defining Unicode char U+FEFF (decimal 65279)
))
LaTeX Info: Redefining \oldstylenums on input line 334.
Package textcomp Info: Setting cmr sub-encoding to TS1/0 on input line 349.
Package textcomp Info: Setting cmss sub-encoding to TS1/0 on input line 350.
Package textcomp Info: Setting cmtt sub-encoding to TS1/0 on input line 351.
Package textcomp Info: Setting cmvtt sub-encoding to TS1/0 on input line 352.
Package textcomp Info: Setting cmbr sub-encoding to TS1/0 on input line 353.
Package textcomp Info: Setting cmtl sub-encoding to TS1/0 on input line 354.
Package textcomp Info: Setting ccr sub-encoding to TS1/0 on input line 355.
Package textcomp Info: Setting ptm sub-encoding to TS1/4 on input line 356.
Package textcomp Info: Setting pcr sub-encoding to TS1/4 on input line 357.
Package textcomp Info: Setting phv sub-encoding to TS1/4 on input line 358.
Package textcomp Info: Setting ppl sub-encoding to TS1/3 on input line 359.
Package textcomp Info: Setting pag sub-encoding to TS1/4 on input line 360.
Package textcomp Info: Setting pbk sub-encoding to TS1/4 on input line 361.
Package textcomp Info: Setting pnc sub-encoding to TS1/4 on input line 362.
Package textcomp Info: Setting pzc sub-encoding to TS1/4 on input line 363.
Package textcomp Info: Setting bch sub-encoding to TS1/4 on input line 364.
Package textcomp Info: Setting put sub-encoding to TS1/5 on input line 365.
Package textcomp Info: Setting uag sub-encoding to TS1/5 on input line 366.
Package textcomp Info: Setting ugq sub-encoding to TS1/5 on input line 367.
Package textcomp Info: Setting ul8 sub-encoding to TS1/4 on input line 368.
Package textcomp Info: Setting ul9 sub-encoding to TS1/4 on input line 369.
Package textcomp Info: Setting augie sub-encoding to TS1/5 on input line 370.
Package textcomp Info: Setting dayrom sub-encoding to TS1/3 on input line 371.
Package textcomp Info: Setting dayroms sub-encoding to TS1/3 on input line 372.

Package textcomp Info: Setting pxr sub-encoding to TS1/0 on input line 373.
Package textcomp Info: Setting pxss sub-encoding to TS1/0 on input line 374.
Package textcomp Info: Setting pxtt sub-encoding to TS1/0 on input line 375.
Package textcomp Info: Setting txr sub-encoding to TS1/0 on input line 376.
Package textcomp Info: Setting txss sub-encoding to TS1/0 on input line 377.
Package textcomp Info: Setting txtt sub-encoding to TS1/0 on input line 378.
Package textcomp Info: Setting lmr sub-encoding to TS1/0 on input line 379.
Package textcomp Info: Setting lmdh sub-encoding to TS1/0 on input line 380.
Package textcomp Info: Setting lmss sub-encoding to TS1/0 on input line 381.
Package textcomp Info: Setting lmssq sub-encoding to TS1/0 on input line 382.
Package textcomp Info: Setting lmvtt sub-encoding to TS1/0 on input line 383.
Package textcomp Info: Setting lmtt sub-encoding to TS1/0 on input line 384.
Package textcomp Info: Setting qhv sub-encoding to TS1/0 on input line 385.
Package textcomp Info: Setting qag sub-encoding to TS1/0 on input line 386.
Package textcomp Info: Setting qbk sub-encoding to TS1/0 on input line 387.
Package textcomp Info: Setting qcr sub-encoding to TS1/0 on input line 388.
Package textcomp Info: Setting qcs sub-encoding to TS1/0 on input line 389.
Package textcomp Info: Setting qpl sub-encoding to TS1/0 on input line 390.
Package textcomp Info: Setting qtm sub-encoding to TS1/0 on input line 391.
Package textcomp Info: Setting qzc sub-encoding to TS1/0 on input line 392.
Package textcomp Info: Setting qhvc sub-encoding to TS1/0 on input line 393.
Package textcomp Info: Setting futs sub-encoding to TS1/4 on input line 394.
Package textcomp Info: Setting futx sub-encoding to TS1/4 on input line 395.
Package textcomp Info: Setting futj sub-encoding to TS1/4 on input line 396.
Package textcomp Info: Setting hlh sub-encoding to TS1/3 on input line 397.
Package textcomp Info: Setting hls sub-encoding to TS1/3 on input line 398.
Package textcomp Info: Setting hlst sub-encoding to TS1/3 on input line 399.
Package textcomp Info: Setting hlct sub-encoding to TS1/5 on input line 400.
Package textcomp Info: Setting hlx sub-encoding to TS1/5 on input line 401.
Package textcomp Info: Setting hlce sub-encoding to TS1/5 on input line 402.
Package textcomp Info: Setting hlcn sub-encoding to TS1/5 on input line 403.
Package textcomp Info: Setting hlcw sub-encoding to TS1/5 on input line 404.
Package textcomp Info: Setting hlcf sub-encoding to TS1/5 on input line 405.
Package textcomp Info: Setting pplx sub-encoding to TS1/3 on input line 406.
Package textcomp Info: Setting pplj sub-encoding to TS1/3 on input line 407.
Package textcomp Info: Setting ptmx sub-encoding to TS1/4 on input line 408.
Package textcomp Info: Setting ptmj sub-encoding to TS1/4 on input line 409.
)
(/usr/local/texlive/2018/texmf-dist/tex/latex/float/float.sty
Package: float 2001/11/08 v1.3d Float enhancements (AL)
\c@float@type=\count105
\float@exts=\toks22
\float@box=\box28
\@float@everytoks=\toks23
\@floatcapt=\box29
)
(/usr/local/texlive/2018/texmf-dist/tex/latex/wrapfig/wrapfig.sty
\wrapoverhang=\dimen113
\WF@size=\dimen114
\c@WF@wrappedlines=\count106
\WF@box=\box30
\WF@everypar=\toks24
Package: wrapfig 2003/01/31  v 3.6
)
(/usr/local/texlive/2018/texmf-dist/tex/latex/capt-of/capt-of.sty
Package: capt-of 2009/12/29 v0.2 standard captions outside of floats
)
(/usr/local/texlive/2018/texmf-dist/tex/latex/tools/multicol.sty
Package: multicol 2018/04/01 v1.8r multicolumn formatting (FMi)
\c@tracingmulticols=\count107
\mult@box=\box31
\multicol@leftmargin=\dimen115
\c@unbalance=\count108
\c@collectmore=\count109
\doublecol@number=\count110
\multicoltolerance=\count111
\multicolpretolerance=\count112
\full@width=\dimen116
\page@free=\dimen117
\premulticols=\dimen118
\postmulticols=\dimen119
\multicolsep=\skip53
\multicolbaselineskip=\skip54
\partial@page=\box32
\last@line=\box33
\maxbalancingoverflow=\dimen120
\mult@rightbox=\box34
\mult@grightbox=\box35
\mult@gfirstbox=\box36
\mult@firstbox=\box37
\@tempa=\box38
\@tempa=\box39
\@tempa=\box40
\@tempa=\box41
\@tempa=\box42
\@tempa=\box43
\@tempa=\box44
\@tempa=\box45
\@tempa=\box46
\@tempa=\box47
\@tempa=\box48
\@tempa=\box49
\@tempa=\box50
\@tempa=\box51
\@tempa=\box52
\@tempa=\box53
\@tempa=\box54
\c@columnbadness=\count113
\c@finalcolumnbadness=\count114
\last@try=\dimen121
\multicolovershoot=\dimen122
\multicolundershoot=\dimen123
\mult@nat@firstbox=\box55
\colbreak@box=\box56
\mc@col@check@num=\count115
)
(/usr/local/texlive/2018/texmf-dist/tex/latex/graphics/graphicx.sty
Package: graphicx 2017/06/01 v1.1a Enhanced LaTeX Graphics (DPC,SPQR)

(/usr/local/texlive/2018/texmf-dist/tex/latex/graphics/graphics.sty
Package: graphics 2017/06/25 v1.2c Standard LaTeX Graphics (DPC,SPQR)

(/usr/local/texlive/2018/texmf-dist/tex/latex/graphics/trig.sty
Package: trig 2016/01/03 v1.10 sin cos tan (DPC)
)
(/usr/local/texlive/2018/texmf-dist/tex/latex/graphics-cfg/graphics.cfg
File: graphics.cfg 2016/06/04 v1.11 sample graphics configuration
)
Package graphics Info: Driver file: pdftex.def on input line 99.
)
\Gin@req@height=\dimen124
\Gin@req@width=\dimen125
)
(./sphinxlatexgraphics.sty
Package: sphinxlatexgraphics 2024/08/13 v8.1.0 graphics
\spx@image@maxheight=\dimen126
\spx@image@box=\box57
) (./sphinxpackageboxes.sty
Package: sphinxpackageboxes 2024/07/01 v7.4.0 advanced colored boxes

(/usr/local/texlive/2018/texmf-dist/tex/latex/pict2e/pict2e.sty
Package: pict2e 2016/02/05 v0.3b Improved picture commands (HjG,RN,JT)

(/usr/local/texlive/2018/texmf-dist/tex/latex/pict2e/pict2e.cfg
File: pict2e.cfg 2016/02/05 v0.1u pict2e configuration for teTeX/TeXLive
)
Package pict2e Info: Driver file: pdftex.def on input line 119.
Package pict2e Info: Driver file for pict2e: p2e-pdftex.def on input line 121.

(/usr/local/texlive/2018/texmf-dist/tex/latex/pict2e/p2e-pdftex.def
File: p2e-pdftex.def 2016/02/05 v0.1u Driver-dependant file (RN,HjG,JT)
)
\pIIe@GRAPH=\toks25
\@arclen=\dimen127
\@arcrad=\dimen128
\@tempdimd=\dimen129
)
(/usr/local/texlive/2018/texmf-dist/tex/latex/ellipse/ellipse.sty
Package: ellipse 2004/11/05 v1.0 .dtx ellipse file
)
\spx@tempboxa=\box58
\spx@tempboxb=\box59
\spx@boxes@border@top=\dimen130
\spx@boxes@border@right=\dimen131
\spx@boxes@border@bottom=\dimen132
\spx@boxes@border@left=\dimen133
\spx@boxes@padding@top=\dimen134
\spx@boxes@padding@right=\dimen135
\spx@boxes@padding@bottom=\dimen136
\spx@boxes@padding@left=\dimen137
\spx@boxes@shadow@xoffset=\dimen138
\spx@boxes@shadow@yoffset=\dimen139
\spx@boxes@radius@topleft@x=\dimen140
\spx@boxes@radius@topright@x=\dimen141
\spx@boxes@radius@bottomright@x=\dimen142
\spx@boxes@radius@bottomleft@x=\dimen143
\spx@boxes@radius@topleft@y=\dimen144
\spx@boxes@radius@topright@y=\dimen145
\spx@boxes@radius@bottomright@y=\dimen146
\spx@boxes@radius@bottomleft@y=\dimen147
)
(./sphinxlatexadmonitions.sty
Package: sphinxlatexadmonitions 2024/10/11 v8.1.1 admonitions

(/usr/local/texlive/2018/texmf-dist/tex/latex/framed/framed.sty
Package: framed 2011/10/22 v 0.96: framed or shaded text with page breaks
\OuterFrameSep=\skip55
\fb@frw=\dimen148
\fb@frh=\dimen149
\FrameRule=\dimen150
\FrameSep=\dimen151
)
(./sphinxpackagefootnote.sty
Package: sphinxpackagefootnote 2024/05/17 v7.3.x Sphinx custom footnotehyper pa
ckage (Sphinx team)
\FNH@notes=\box60
\FNH@toks=\toks26
\FNH@width=\dimen152
\c@sphinxfootnotemark=\count116
)
\spx@notice@border=\dimen153
\c@sphinxtodo=\count117
) (./sphinxlatexliterals.sty
Package: sphinxlatexliterals 2024/07/01 v7.4.0 code-blocks and parsed literals

(/usr/local/texlive/2018/texmf-dist/tex/latex/fancyvrb/fancyvrb.sty
Package: fancyvrb 2008/02/07

Style option: `fancyvrb' v2.7a, with DG/SPQR fixes, and firstline=lastline fix 
<2008/02/07> (tvz)
\FV@CodeLineNo=\count118
\FV@InFile=\read1
\FV@TabBox=\box61
\c@FancyVerbLine=\count119
\FV@StepNumber=\count120
\FV@OutFile=\write3
)
(/usr/local/texlive/2018/texmf-dist/tex/latex/base/alltt.sty
Package: alltt 1997/06/16 v2.0g defines alltt environment
)
(/usr/local/texlive/2018/texmf-dist/tex/latex/upquote/upquote.sty
Package: upquote 2012/04/19 v1.3 upright-quote and grave-accent glyphs in verba
tim
)
(/usr/local/texlive/2018/texmf-dist/tex/latex/needspace/needspace.sty
Package: needspace 2010/09/12 v1.3d reserve vertical space
)
\sphinxcontinuationbox=\box62
\sphinxvisiblespacebox=\box63
\sphinxVerbatim@TitleBox=\box64
\sphinxVerbatim@ContentsBox=\box65
)
(./sphinxlatexshadowbox.sty
Package: sphinxlatexshadowbox 2024/07/28 v8.1.0 sphinxShadowBox
) (./sphinxlatexcontainers.sty
Package: sphinxlatexcontainers 2021/05/03 containers
)
(./sphinxhighlight.sty
Package: sphinxhighlight 2022/06/30 stylesheet for highlighting with pygments
) (./sphinxlatextables.sty
Package: sphinxlatextables 2024/07/01 v7.4.0 tables

(/usr/local/texlive/2018/texmf-dist/tex/latex/tabulary/tabulary.sty
Package: tabulary 2014/06/11 v0.10 tabulary package (DPC)

(/usr/local/texlive/2018/texmf-dist/tex/latex/tools/array.sty
Package: array 2018/04/07 v2.4g Tabular extension package (FMi)
\col@sep=\dimen154
\ar@mcellbox=\box66
\extrarowheight=\dimen155
\NC@list=\toks27
\extratabsurround=\skip56
\backup@length=\skip57
\ar@cellbox=\box67
)
\TY@count=\count121
\TY@linewidth=\dimen156
\tymin=\dimen157
\tymax=\dimen158
\TY@tablewidth=\dimen159
)
(/usr/local/texlive/2018/texmf-dist/tex/latex/tools/longtable.sty
Package: longtable 2014/10/28 v4.11 Multi-page Table package (DPC)
\LTleft=\skip58
\LTright=\skip59
\LTpre=\skip60
\LTpost=\skip61
\LTchunksize=\count122
\LTcapwidth=\dimen160
\LT@head=\box68
\LT@firsthead=\box69
\LT@foot=\box70
\LT@lastfoot=\box71
\LT@cols=\count123
\LT@rows=\count124
\c@LT@tables=\count125
\c@LT@chunks=\count126
\LT@p@ftn=\toks28
)
(/usr/local/texlive/2018/texmf-dist/tex/latex/varwidth/varwidth.sty
Package: varwidth 2009/03/30 ver 0.92;  Variable-width minipages
\@vwid@box=\box72
\sift@deathcycles=\count127
\@vwid@loff=\dimen161
\@vwid@roff=\dimen162
)
\sphinx@TY@tablewidth=\dimen163

(/usr/local/texlive/2018/texmf-dist/tex/latex/colortbl/colortbl.sty
Package: colortbl 2012/02/13 v1.0a Color table columns (DPC)
\everycr=\toks29
\minrowclearance=\skip62
)
\rownum=\count128

(/usr/local/texlive/2018/texmf-dist/tex/latex/booktabs/booktabs.sty
Package: booktabs 2016/04/27 v1.618033 publication quality tables
\heavyrulewidth=\dimen164
\lightrulewidth=\dimen165
\cmidrulewidth=\dimen166
\belowrulesep=\dimen167
\belowbottomsep=\dimen168
\aboverulesep=\dimen169
\abovetopsep=\dimen170
\cmidrulesep=\dimen171
\cmidrulekern=\dimen172
\defaultaddspace=\dimen173
\@cmidla=\count129
\@cmidlb=\count130
\@aboverulesep=\dimen174
\@belowrulesep=\dimen175
\@thisruleclass=\count131
\@lastruleclass=\count132
\@thisrulewidth=\dimen176
))
(./sphinxlatexnumfig.sty
Package: sphinxlatexnumfig 2024/07/31 v8.1.0 numbering
) (./sphinxlatexlists.sty
Package: sphinxlatexlists 2021/12/20 lists
\spx@lineitemlabel=\toks30
)
\c@sphinxscope=\count133
 (./sphinxlatexindbibtoc.sty
Package: sphinxlatexindbibtoc 2021/01/27 index, bib., toc

(/usr/local/texlive/2018/texmf-dist/tex/latex/base/makeidx.sty
Package: makeidx 2014/09/29 v1.0m Standard LaTeX package
))
(./sphinxlatexstylepage.sty
Package: sphinxlatexstylepage 2021/01/27 page styling

(/usr/local/texlive/2018/texmf-dist/tex/latex/parskip/parskip.sty
Package: parskip 2001/04/09 non-zero parskip adjustments
)
(/usr/local/texlive/2018/texmf-dist/tex/latex/fancyhdr/fancyhdr.sty
Package: fancyhdr 2017/06/30 v3.9a Extensive control of page headers and footer
s
\f@nch@headwidth=\skip63
\f@nch@O@elh=\skip64
\f@nch@O@erh=\skip65
\f@nch@O@olh=\skip66
\f@nch@O@orh=\skip67
\f@nch@O@elf=\skip68
\f@nch@O@erf=\skip69
\f@nch@O@olf=\skip70
\f@nch@O@orf=\skip71
))
(./sphinxlatexstyleheadings.sty
Package: sphinxlatexstyleheadings 2023/02/11 headings

(/usr/local/texlive/2018/texmf-dist/tex/latex/titlesec/titlesec.sty
Package: titlesec 2016/03/21 v2.10.2 Sectioning titles
\ttl@box=\box73
\beforetitleunit=\skip72
\aftertitleunit=\skip73
\ttl@plus=\dimen177
\ttl@minus=\dimen178
\ttl@toksa=\toks31
\titlewidth=\dimen179
\titlewidthlast=\dimen180
\titlewidthfirst=\dimen181
))
(./sphinxlatexstyletext.sty
Package: sphinxlatexstyletext 2024/07/28 v8.1.0 text styling
) (./sphinxlatexobjects.sty
Package: sphinxlatexobjects 2025/02/11 documentation environments
\sphinxsignaturesep=\skip74
\sphinxsignaturelistskip=\skip75
\py@argswidth=\skip76
\lineblockindentation=\skip77
\DUlineblockindent=\skip78
))
(/usr/local/texlive/2018/texmf-dist/tex/latex/geometry/geometry.sty
Package: geometry 2018/03/24 v5.7 Page Geometry

(/usr/local/texlive/2018/texmf-dist/tex/generic/oberdiek/ifpdf.sty
Package: ifpdf 2017/03/15 v3.2 Provides the ifpdf switch
)
(/usr/local/texlive/2018/texmf-dist/tex/generic/oberdiek/ifvtex.sty
Package: ifvtex 2016/05/16 v1.6 Detect VTeX and its facilities (HO)
Package ifvtex Info: VTeX not detected.
)
(/usr/local/texlive/2018/texmf-dist/tex/generic/ifxetex/ifxetex.sty
Package: ifxetex 2010/09/12 v0.6 Provides ifxetex conditional
)
\Gm@cnth=\count134
\Gm@cntv=\count135
\c@Gm@tempcnt=\count136
\Gm@bindingoffset=\dimen182
\Gm@wd@mp=\dimen183
\Gm@odd@mp=\dimen184
\Gm@even@mp=\dimen185
\Gm@layoutwidth=\dimen186
\Gm@layoutheight=\dimen187
\Gm@layouthoffset=\dimen188
\Gm@layoutvoffset=\dimen189
\Gm@dimlist=\toks32
)
(/usr/local/texlive/2018/texmf-dist/tex/latex/hyperref/hyperref.sty
Package: hyperref 2018/02/06 v6.86b Hypertext links for LaTeX

(/usr/local/texlive/2018/texmf-dist/tex/generic/oberdiek/hobsub-hyperref.sty
Package: hobsub-hyperref 2016/05/16 v1.14 Bundle oberdiek, subset hyperref (HO)


(/usr/local/texlive/2018/texmf-dist/tex/generic/oberdiek/hobsub-generic.sty
Package: hobsub-generic 2016/05/16 v1.14 Bundle oberdiek, subset generic (HO)
Package: hobsub 2016/05/16 v1.14 Construct package bundles (HO)
Package hobsub Info: Skipping package `infwarerr' (already loaded).
Package hobsub Info: Skipping package `ltxcmds' (already loaded).
Package hobsub Info: Skipping package `ifluatex' (already loaded).
Package hobsub Info: Skipping package `ifvtex' (already loaded).
Package: intcalc 2016/05/16 v1.2 Expandable calculations with integers (HO)
Package hobsub Info: Skipping package `ifpdf' (already loaded).
Package hobsub Info: Skipping package `etexcmds' (already loaded).
Package hobsub Info: Skipping package `kvsetkeys' (already loaded).
Package: kvdefinekeys 2016/05/16 v1.4 Define keys (HO)
Package: pdftexcmds 2018/01/30 v0.27 Utility functions of pdfTeX for LuaTeX (HO
)
Package pdftexcmds Info: LuaTeX not detected.
Package pdftexcmds Info: \pdf@primitive is available.
Package pdftexcmds Info: \pdf@ifprimitive is available.
Package pdftexcmds Info: \pdfdraftmode found.
Package: pdfescape 2016/05/16 v1.14 Implements pdfTeX's escape features (HO)
Package: bigintcalc 2016/05/16 v1.4 Expandable calculations on big integers (HO
)
Package: bitset 2016/05/16 v1.2 Handle bit-vector datatype (HO)
Package: uniquecounter 2016/05/16 v1.3 Provide unlimited unique counter (HO)
)
Package hobsub Info: Skipping package `hobsub' (already loaded).
Package: letltxmacro 2016/05/16 v1.5 Let assignment for LaTeX macros (HO)
Package: hopatch 2016/05/16 v1.3 Wrapper for package hooks (HO)
Package: xcolor-patch 2016/05/16 xcolor patch
Package: atveryend 2016/05/16 v1.9 Hooks at the very end of document (HO)
Package atveryend Info: \enddocument detected (standard20110627).
Package: atbegshi 2016/06/09 v1.18 At begin shipout hook (HO)
Package: refcount 2016/05/16 v3.5 Data extraction from label references (HO)
Package: hycolor 2016/05/16 v1.8 Color options for hyperref/bookmark (HO)
)
(/usr/local/texlive/2018/texmf-dist/tex/latex/oberdiek/auxhook.sty
Package: auxhook 2016/05/16 v1.4 Hooks for auxiliary files (HO)
)
\@linkdim=\dimen190
\Hy@linkcounter=\count137
\Hy@pagecounter=\count138

(/usr/local/texlive/2018/texmf-dist/tex/latex/hyperref/pd1enc.def
File: pd1enc.def 2018/02/06 v6.86b Hyperref: PDFDocEncoding definition (HO)
Now handling font encoding PD1 ...
... no UTF-8 mapping file for font encoding PD1
)
\Hy@SavedSpaceFactor=\count139

(/usr/local/texlive/2018/texmf-dist/tex/latex/latexconfig/hyperref.cfg
File: hyperref.cfg 2002/06/06 v1.2 hyperref configuration of TeXLive
)
Package hyperref Info: Option `unicode' set `true' on input line 4383.

(/usr/local/texlive/2018/texmf-dist/tex/latex/hyperref/puenc.def
File: puenc.def 2018/02/06 v6.86b Hyperref: PDF Unicode definition (HO)
Now handling font encoding PU ...
... no UTF-8 mapping file for font encoding PU
)
Package hyperref Info: Option `colorlinks' set `true' on input line 4383.
Package hyperref Info: Option `breaklinks' set `true' on input line 4383.
Package hyperref Info: Hyper figures OFF on input line 4509.
Package hyperref Info: Link nesting OFF on input line 4514.
Package hyperref Info: Hyper index ON on input line 4517.
Package hyperref Info: Plain pages OFF on input line 4524.
Package hyperref Info: Backreferencing OFF on input line 4529.
Package hyperref Info: Implicit mode ON; LaTeX internals redefined.
Package hyperref Info: Bookmarks ON on input line 4762.
\c@Hy@tempcnt=\count140

(/usr/local/texlive/2018/texmf-dist/tex/latex/url/url.sty
\Urlmuskip=\muskip11
Package: url 2013/09/16  ver 3.4  Verb mode for urls, etc.
)
LaTeX Info: Redefining \url on input line 5115.
\XeTeXLinkMargin=\dimen191
\Fld@menulength=\count141
\Field@Width=\dimen192
\Fld@charsize=\dimen193
Package hyperref Info: Hyper figures OFF on input line 6369.
Package hyperref Info: Link nesting OFF on input line 6374.
Package hyperref Info: Hyper index ON on input line 6377.
Package hyperref Info: backreferencing OFF on input line 6384.
Package hyperref Info: Link coloring ON on input line 6387.
Package hyperref Info: Link coloring with OCG OFF on input line 6394.
Package hyperref Info: PDF/A mode OFF on input line 6399.
LaTeX Info: Redefining \ref on input line 6439.
LaTeX Info: Redefining \pageref on input line 6443.
\Hy@abspage=\count142
\c@Item=\count143
\c@Hfootnote=\count144
)
Package hyperref Info: Driver (autodetected): hpdftex.

(/usr/local/texlive/2018/texmf-dist/tex/latex/hyperref/hpdftex.def
File: hpdftex.def 2018/02/06 v6.86b Hyperref driver for pdfTeX
\Fld@listcount=\count145
\c@bookmark@seq@number=\count146

(/usr/local/texlive/2018/texmf-dist/tex/latex/oberdiek/rerunfilecheck.sty
Package: rerunfilecheck 2016/05/16 v1.8 Rerun checks for auxiliary files (HO)
Package uniquecounter Info: New unique counter `rerunfilecheck' on input line 2
82.
)
\Hy@SectionHShift=\skip79
)
(/usr/local/texlive/2018/texmf-dist/tex/latex/oberdiek/hypcap.sty
Package: hypcap 2016/05/16 v1.12 Adjusting the anchors of captions (HO)
)
(./sphinxmessages.sty
Package: sphinxmessages 2019/01/04 v2.0 Localized LaTeX macros (Sphinx team)
)
\@indexfile=\write4
\openout4 = `xns.idx'.


Writing index file xns.idx
(./xns.aux)
\openout1 = `xns.aux'.

LaTeX Font Info:    Checking defaults for OML/cmm/m/it on input line 72.
LaTeX Font Info:    ... okay on input line 72.
LaTeX Font Info:    Checking defaults for T1/cmr/m/n on input line 72.
LaTeX Font Info:    ... okay on input line 72.
LaTeX Font Info:    Checking defaults for OT1/cmr/m/n on input line 72.
LaTeX Font Info:    ... okay on input line 72.
LaTeX Font Info:    Checking defaults for OMS/cmsy/m/n on input line 72.
LaTeX Font Info:    ... okay on input line 72.
LaTeX Font Info:    Checking defaults for OMX/cmex/m/n on input line 72.
LaTeX Font Info:    ... okay on input line 72.
LaTeX Font Info:    Checking defaults for U/cmr/m/n on input line 72.
LaTeX Font Info:    ... okay on input line 72.
LaTeX Font Info:    Checking defaults for TS1/cmr/m/n on input line 72.
LaTeX Font Info:    Try loading font information for TS1+cmr on input line 72.
 (/usr/local/texlive/2018/texmf-dist/tex/latex/base/ts1cmr.fd
File: ts1cmr.fd 2014/09/29 v2.5h Standard LaTeX font definitions
)
LaTeX Font Info:    ... okay on input line 72.
LaTeX Font Info:    Checking defaults for PD1/pdf/m/n on input line 72.
LaTeX Font Info:    ... okay on input line 72.
LaTeX Font Info:    Checking defaults for PU/pdf/m/n on input line 72.
LaTeX Font Info:    ... okay on input line 72.
LaTeX Font Info:    Try loading font information for T1+qtm on input line 72.

(/usr/local/texlive/2018/texmf-dist/tex/latex/tex-gyre/t1qtm.fd
File: t1qtm.fd 2009/09/25 v1.2 font definition file for T1/qtm
)
(/usr/local/texlive/2018/texmf-dist/tex/context/base/mkii/supp-pdf.mkii
[Loading MPS to PDF converter (version 2006.09.02).]
\scratchcounter=\count147
\scratchdimen=\dimen194
\scratchbox=\box74
\nofMPsegments=\count148
\nofMParguments=\count149
\everyMPshowfont=\toks33
\MPscratchCnt=\count150
\MPscratchDim=\dimen195
\MPnumerator=\count151
\makeMPintoPDFobject=\count152
\everyMPtoPDFconversion=\toks34
) (/usr/local/texlive/2018/texmf-dist/tex/latex/oberdiek/epstopdf-base.sty
Package: epstopdf-base 2016/05/15 v2.6 Base part for package epstopdf

(/usr/local/texlive/2018/texmf-dist/tex/latex/oberdiek/grfext.sty
Package: grfext 2016/05/16 v1.2 Manage graphics extensions (HO)
)
Package epstopdf-base Info: Redefining graphics rule for `.eps' on input line 4
38.
Package grfext Info: Graphics extension search list:
(grfext)             [.pdf,.png,.jpg,.mps,.jpeg,.jbig2,.jb2,.PDF,.PNG,.JPG,.JPE
G,.JBIG2,.JB2,.eps]
(grfext)             \AppendGraphicsExtensions on input line 456.

(/usr/local/texlive/2018/texmf-dist/tex/latex/latexconfig/epstopdf-sys.cfg
File: epstopdf-sys.cfg 2010/07/13 v1.3 Configuration of (r)epstopdf for TeX Liv
e
))
(/usr/local/texlive/2018/texmf-dist/tex/latex/fontawesome5/fontawesome5.sty
(/usr/local/texlive/2018/texmf-dist/tex/latex/l3kernel/expl3.sty
Package: expl3 2018/03/05 L3 programming layer (loader) 

(/usr/local/texlive/2018/texmf-dist/tex/latex/l3kernel/expl3-code.tex
Package: expl3 2018/03/05 L3 programming layer (code)
\c_max_int=\count153
\l_tmpa_int=\count154
\l_tmpb_int=\count155
\g_tmpa_int=\count156
\g_tmpb_int=\count157
\g__intarray_font_int=\count158
\g__prg_map_int=\count159
\c_log_iow=\count160
\l_iow_line_count_int=\count161
\l__iow_line_target_int=\count162
\l__iow_one_indent_int=\count163
\l__iow_indent_int=\count164
\c_zero_dim=\dimen196
\c_max_dim=\dimen197
\l_tmpa_dim=\dimen198
\l_tmpb_dim=\dimen199
\g_tmpa_dim=\dimen256
\g_tmpb_dim=\dimen257
\c_zero_skip=\skip80
\c_max_skip=\skip81
\l_tmpa_skip=\skip82
\l_tmpb_skip=\skip83
\g_tmpa_skip=\skip84
\g_tmpb_skip=\skip85
\c_zero_muskip=\muskip12
\c_max_muskip=\muskip13
\l_tmpa_muskip=\muskip14
\l_tmpb_muskip=\muskip15
\g_tmpa_muskip=\muskip16
\g_tmpb_muskip=\muskip17
\l_keys_choice_int=\count165
\c__fp_leading_shift_int=\count166
\c__fp_middle_shift_int=\count167
\c__fp_trailing_shift_int=\count168
\c__fp_big_leading_shift_int=\count169
\c__fp_big_middle_shift_int=\count170
\c__fp_big_trailing_shift_int=\count171
\c__fp_Bigg_leading_shift_int=\count172
\c__fp_Bigg_middle_shift_int=\count173
\c__fp_Bigg_trailing_shift_int=\count174
\c__fp_rand_size_int=\count175
\c__fp_rand_four_int=\count176
\c__fp_rand_eight_int=\count177
\l__sort_length_int=\count178
\l__sort_min_int=\count179
\l__sort_top_int=\count180
\l__sort_max_int=\count181
\l__sort_true_max_int=\count182
\l__sort_block_int=\count183
\l__sort_begin_int=\count184
\l__sort_end_int=\count185
\l__sort_A_int=\count186
\l__sort_B_int=\count187
\l__sort_C_int=\count188
\l__tl_build_start_index_int=\count189
\l__tl_build_index_int=\count190
\l__tl_analysis_normal_int=\count191
\l__tl_analysis_index_int=\count192
\l__tl_analysis_nesting_int=\count193
\l__tl_analysis_type_int=\count194
\l__regex_internal_a_int=\count195
\l__regex_internal_b_int=\count196
\l__regex_internal_c_int=\count197
\l__regex_balance_int=\count198
\l__regex_group_level_int=\count199
\l__regex_mode_int=\count266
\c__regex_cs_in_class_mode_int=\count267
\c__regex_cs_mode_int=\count268
\l__regex_catcodes_int=\count269
\l__regex_default_catcodes_int=\count270
\c__regex_catcode_D_int=\count271
\c__regex_catcode_S_int=\count272
\c__regex_catcode_L_int=\count273
\c__regex_catcode_O_int=\count274
\c__regex_catcode_A_int=\count275
\c__regex_all_catcodes_int=\count276
\l__regex_show_lines_int=\count277
\l__regex_min_state_int=\count278
\l__regex_max_state_int=\count279
\l__regex_left_state_int=\count280
\l__regex_right_state_int=\count281
\l__regex_capturing_group_int=\count282
\l__regex_min_pos_int=\count283
\l__regex_max_pos_int=\count284
\l__regex_curr_pos_int=\count285
\l__regex_start_pos_int=\count286
\l__regex_success_pos_int=\count287
\l__regex_curr_char_int=\count288
\l__regex_curr_catcode_int=\count289
\l__regex_last_char_int=\count290
\l__regex_case_changed_char_int=\count291
\l__regex_curr_state_int=\count292
\l__regex_step_int=\count293
\l__regex_min_active_int=\count294
\l__regex_max_active_int=\count295
\l__regex_replacement_csnames_int=\count296
\l__regex_match_count_int=\count297
\l__regex_min_submatch_int=\count298
\l__regex_submatch_int=\count299
\l__regex_zeroth_submatch_int=\count300
\g__regex_trace_regex_int=\count301
\c_empty_box=\box75
\l_tmpa_box=\box76
\l_tmpb_box=\box77
\g_tmpa_box=\box78
\g_tmpb_box=\box79
\l__box_top_dim=\dimen258
\l__box_bottom_dim=\dimen259
\l__box_left_dim=\dimen260
\l__box_right_dim=\dimen261
\l__box_top_new_dim=\dimen262
\l__box_bottom_new_dim=\dimen263
\l__box_left_new_dim=\dimen264
\l__box_right_new_dim=\dimen265
\l__box_internal_box=\box80
\l__coffin_internal_box=\box81
\l__coffin_internal_dim=\dimen266
\l__coffin_offset_x_dim=\dimen267
\l__coffin_offset_y_dim=\dimen268
\l__coffin_x_dim=\dimen269
\l__coffin_y_dim=\dimen270
\l__coffin_x_prime_dim=\dimen271
\l__coffin_y_prime_dim=\dimen272
\c_empty_coffin=\box82
\l__coffin_aligned_coffin=\box83
\l__coffin_aligned_internal_coffin=\box84
\l_tmpa_coffin=\box85
\l_tmpb_coffin=\box86
\l__coffin_display_coffin=\box87
\l__coffin_display_coord_coffin=\box88
\l__coffin_display_pole_coffin=\box89
\l__coffin_display_offset_dim=\dimen273
\l__coffin_display_x_dim=\dimen274
\l__coffin_display_y_dim=\dimen275
\l__coffin_bounding_shift_dim=\dimen276
\l__coffin_left_corner_dim=\dimen277
\l__coffin_right_corner_dim=\dimen278
\l__coffin_bottom_corner_dim=\dimen279
\l__coffin_top_corner_dim=\dimen280
\l__coffin_scaled_total_height_dim=\dimen281
\l__coffin_scaled_width_dim=\dimen282
)
(/usr/local/texlive/2018/texmf-dist/tex/latex/l3kernel/l3pdfmode.def
File: l3pdfmode.def 2017/03/18 v L3 Experimental driver: PDF mode
\l__driver_color_stack_int=\count302
))
Package: fontawesome5 2018/03/01 v5.0.8 Font Awesome 5

(/usr/local/texlive/2018/texmf-dist/tex/latex/l3packages/l3keys2e/l3keys2e.sty
Package: l3keys2e 2018/02/21 LaTeX2e option processing using LaTeX3 keys
) (/usr/local/texlive/2018/texmf-dist/tex/latex/l3packages/xparse/xparse.sty
Package: xparse 2018/02/21 L3 Experimental document command parser
\l__xparse_current_arg_int=\count303
\g__xparse_grabber_int=\count304
\l__xparse_m_args_int=\count305
\l__xparse_mandatory_args_int=\count306
\l__xparse_v_nesting_int=\count307
)
(/usr/local/texlive/2018/texmf-dist/tex/latex/fontawesome5/fontawesome5-generic
-helper.sty
Package: fontawesome5-generic-helper 2018/03/01 v5.0.8 non-uTeX helper for font
awesome5
\g__file_internal_ior=\read2

(/usr/local/texlive/2018/texmf-dist/tex/latex/fontawesome5/fontawesome5-mapping
.def))
.................................................
. LaTeX info: "xparse/define-command"
. 
. Defining command \faPreselectedIcon with sig. 'msO{\str_use:N
. \l_fontawesome_style_str }' on line 63.
.................................................
.................................................
. LaTeX info: "xparse/define-command"
. 
. Defining command \faIcon with sig. 'sO{\str_use:N \l_fontawesome_style_str
. }m' on line 66.
.................................................
.................................................
. LaTeX info: "xparse/define-command"
. 
. Defining command \faStyle with sig. 'm' on line 73.
.................................................
.................................................
. LaTeX info: "xparse/define-command"
. 
. Defining command \faRepeat with sig. 't{1}' on line 80.
.................................................
)
\c@literalblock=\count308

*geometry* driver: auto-detecting
*geometry* detected driver: pdftex
*geometry* verbose mode - [ preamble ] result:
* driver: pdftex
* paper: letterpaper
* layout: <same size as paper>
* layoutoffset:(h,v)=(0.0pt,0.0pt)
* modes: twoside 
* h-part:(L,W,R)=(72.26999pt, 469.75502pt, 72.26999pt)
* v-part:(T,H,B)=(72.26999pt, 650.43001pt, 72.26999pt)
* \paperwidth=614.295pt
* \paperheight=794.96999pt
* \textwidth=469.75502pt
* \textheight=650.43001pt
* \oddsidemargin=0.0pt
* \evensidemargin=0.0pt
* \topmargin=-37.0pt
* \headheight=12.0pt
* \headsep=25.0pt
* \topskip=10.0pt
* \footskip=30.0pt
* \marginparwidth=36.135pt
* \marginparsep=11.0pt
* \columnsep=10.0pt
* \skip\footins=9.0pt plus 4.0pt minus 2.0pt
* \hoffset=0.0pt
* \voffset=0.0pt
* \mag=1000
* \@twocolumnfalse
* \@twosidetrue
* \@mparswitchtrue
* \@reversemarginfalse
* (1in=72.27pt=25.4mm, 1cm=28.453pt)

\AtBeginShipoutBox=\box90
Package hyperref Info: Link coloring ON on input line 72.
(/usr/local/texlive/2018/texmf-dist/tex/latex/hyperref/nameref.sty
Package: nameref 2016/05/21 v2.44 Cross-referencing by name of section

(/usr/local/texlive/2018/texmf-dist/tex/generic/oberdiek/gettitlestring.sty
Package: gettitlestring 2016/05/16 v1.5 Cleanup title references (HO)
)
\c@section@level=\count309
)
LaTeX Info: Redefining \ref on input line 72.
LaTeX Info: Redefining \pageref on input line 72.
LaTeX Info: Redefining \nameref on input line 72.

(./xns.out) (./xns.out)
\@outlinefile=\write5
\openout5 = `xns.out'.

Package hyperref Info: Option `pageanchor' set `false' on input line 80.
LaTeX Font Info:    Try loading font information for T1+qhv on input line 80.

(/usr/local/texlive/2018/texmf-dist/tex/latex/tex-gyre/t1qhv.fd
File: t1qhv.fd 2009/09/25 v1.2 font definition file for T1/qhv
)<<ot1.cmap>><<oml.cmap>><<oms.cmap>><<omx.cmap>>
LaTeX Font Info:    Try loading font information for U+msa on input line 80.

(/usr/local/texlive/2018/texmf-dist/tex/latex/amsfonts/umsa.fd
File: umsa.fd 2013/01/14 v3.01 AMS symbols A
)
LaTeX Font Info:    Try loading font information for U+msb on input line 80.

(/usr/local/texlive/2018/texmf-dist/tex/latex/amsfonts/umsb.fd
File: umsb.fd 2013/01/14 v3.01 AMS symbols B
)
Overfull \hbox (67.37971pt too wide) in paragraph at lines 80--80
 [][]
 []

[1

{/usr/local/texlive/2018/texmf-var/fonts/map/pdftex/updmap/pdftex.map}]
[2


] (./xns.toc [1

])
\tf@toc=\write6
\openout6 = `xns.toc'.

 [2]
LaTeX Font Info:    Try loading font information for TS1+qtm on input line 104.


(/usr/local/texlive/2018/texmf-dist/tex/latex/tex-gyre/ts1qtm.fd
File: ts1qtm.fd 2009/09/25 v1.2 font definition file for TS1/qtm
) [1

] [2

]
Chapter 1.
LaTeX Font Info:    Try loading font information for T1+txtt on input line 153.

(/usr/local/texlive/2018/texmf-dist/tex/latex/txfonts/t1txtt.fd
File: t1txtt.fd 2000/12/15 v3.1
) [3] [4

]
Chapter 2.
[5] [6] [7] [8] [9]
Underfull \hbox (badness 10000) in paragraph at lines 710--712

 []

[10]
Chapter 3.
[11

] [12]
Chapter 4.
[13

] [14] [15]
Underfull \hbox (badness 5578) in paragraph at lines 1208--1210
[]\T1/qtm/m/n/10 sub-rou-tine \T1/qtm/b/n/10 LPN \T1/qtm/m/n/10 - com-putes the
 Leg-en-dre poly-no-mi-als and their deriva-tives. From: SPE-
 []


Underfull \hbox (badness 10000) in paragraph at lines 1287--1289
[]\T1/qtm/b/n/10 Hy-droeq_mag.dat \T1/qtm/m/n/10 - con-tains the new equi-lib-r
ium con-fig-u-ra-tion for mag-netic field
 []

[16] [17] [18

]
Chapter 5.
[19]
Underfull \hbox (badness 6477) in paragraph at lines 1426--1428
[]\T1/qtm/m/n/10 Block 3 (1000 lines - 3 columns) - First col-umn is $\OML/cmm/
m/it/10 Log[]\OT1/cmr/m/n/10 (\OML/cmm/m/it/10 Ln\OT1/cmr/m/n/10 (\OML/cmm/m/it
/10 h\OT1/cmr/m/n/10 ))$ \T1/qtm/m/n/10 uni-formly sam-pled be-tween
 []

[20]
Chapter 6.
<starplot_rho_gr_polo.png, id=340, 793.93758pt x 783.61328pt>
File: starplot_rho_gr_polo.png Graphic file (type png)
<use starplot_rho_gr_polo.png>
Package pdftex.def Info: starplot_rho_gr_polo.png  used on input line 1481.
(pdftex.def)             Requested size: 469.76382pt x 463.65504pt.
File: starplot_rho_gr_polo.png Graphic file (type png)
<use starplot_rho_gr_polo.png>
Package pdftex.def Info: starplot_rho_gr_polo.png  used on input line 1481.
(pdftex.def)             Requested size: 457.77046pt x 451.8057pt.
[21

]
<starplot_b_gr_polo.png, id=349, 793.93758pt x 782.58086pt>
File: starplot_b_gr_polo.png Graphic file (type png)
<use starplot_b_gr_polo.png>
Package pdftex.def Info: starplot_b_gr_polo.png  used on input line 1501.
(pdftex.def)             Requested size: 469.76382pt x 463.04417pt.
File: starplot_b_gr_polo.png Graphic file (type png)
<use starplot_b_gr_polo.png>
Package pdftex.def Info: starplot_b_gr_polo.png  used on input line 1501.
(pdftex.def)             Requested size: 457.77046pt x 451.21045pt.
 [22 <./starplot_rho_gr_polo.png>]
<rho_gr_polo.png, id=355, 346.1733pt x 328.8285pt>
File: rho_gr_polo.png Graphic file (type png)
<use rho_gr_polo.png>
Package pdftex.def Info: rho_gr_polo.png  used on input line 1521.
(pdftex.def)             Requested size: 346.17244pt x 328.8277pt.
File: rho_gr_polo.png Graphic file (type png)
<use rho_gr_polo.png>
Package pdftex.def Info: rho_gr_polo.png  used on input line 1521.
(pdftex.def)             Requested size: 346.17244pt x 328.8277pt.
 [23 <./starplot_b_gr_polo.png>]
<p_gr_polo.png, id=361, 346.1733pt x 328.8285pt>
File: p_gr_polo.png Graphic file (type png)
<use p_gr_polo.png>
Package pdftex.def Info: p_gr_polo.png  used on input line 1541.
(pdftex.def)             Requested size: 346.17244pt x 328.8277pt.
File: p_gr_polo.png Graphic file (type png)
<use p_gr_polo.png>
Package pdftex.def Info: p_gr_polo.png  used on input line 1541.
(pdftex.def)             Requested size: 346.17244pt x 328.8277pt.
 [24 <./rho_gr_polo.png>]
<alpha_gr_polo.png, id=367, 362.0727pt x 328.8285pt>
File: alpha_gr_polo.png Graphic file (type png)
<use alpha_gr_polo.png>
Package pdftex.def Info: alpha_gr_polo.png  used on input line 1561.
(pdftex.def)             Requested size: 362.07181pt x 328.8277pt.
File: alpha_gr_polo.png Graphic file (type png)
<use alpha_gr_polo.png>
Package pdftex.def Info: alpha_gr_polo.png  used on input line 1561.
(pdftex.def)             Requested size: 362.07181pt x 328.8277pt.
 [25 <./p_gr_polo.png>]
<psi_gr_polo.png, id=373, 362.0727pt x 328.8285pt>
File: psi_gr_polo.png Graphic file (type png)
<use psi_gr_polo.png>
Package pdftex.def Info: psi_gr_polo.png  used on input line 1581.
(pdftex.def)             Requested size: 362.07181pt x 328.8277pt.
File: psi_gr_polo.png Graphic file (type png)
<use psi_gr_polo.png>
Package pdftex.def Info: psi_gr_polo.png  used on input line 1581.
(pdftex.def)             Requested size: 362.07181pt x 328.8277pt.
 [26 <./alpha_gr_polo.png>]
<bpol_gr_polo.png, id=379, 357.7365pt x 328.8285pt>
File: bpol_gr_polo.png Graphic file (type png)
<use bpol_gr_polo.png>
Package pdftex.def Info: bpol_gr_polo.png  used on input line 1601.
(pdftex.def)             Requested size: 357.73561pt x 328.8277pt.
File: bpol_gr_polo.png Graphic file (type png)
<use bpol_gr_polo.png>
Package pdftex.def Info: bpol_gr_polo.png  used on input line 1601.
(pdftex.def)             Requested size: 357.73561pt x 328.8277pt.
 [27 <./psi_gr_polo.png>]
<starplot_rho_gr_toro.png, id=386, 793.93758pt x 783.61328pt>
File: starplot_rho_gr_toro.png Graphic file (type png)
<use starplot_rho_gr_toro.png>
Package pdftex.def Info: starplot_rho_gr_toro.png  used on input line 1638.
(pdftex.def)             Requested size: 469.76382pt x 463.65504pt.
File: starplot_rho_gr_toro.png Graphic file (type png)
<use starplot_rho_gr_toro.png>
Package pdftex.def Info: starplot_rho_gr_toro.png  used on input line 1638.
(pdftex.def)             Requested size: 457.77046pt x 451.8057pt.
 [28 <./bpol_gr_polo.png>]
<starplot_b_gr_toro.png, id=392, 793.93758pt x 782.58086pt>
File: starplot_b_gr_toro.png Graphic file (type png)
<use starplot_b_gr_toro.png>
Package pdftex.def Info: starplot_b_gr_toro.png  used on input line 1658.
(pdftex.def)             Requested size: 469.76382pt x 463.04417pt.
File: starplot_b_gr_toro.png Graphic file (type png)
<use starplot_b_gr_toro.png>
Package pdftex.def Info: starplot_b_gr_toro.png  used on input line 1658.
(pdftex.def)             Requested size: 457.77046pt x 451.21045pt.
 [29 <./starplot_rho_gr_toro.png>]
<rho_gr_toro.png, id=398, 356.2911pt x 328.8285pt>
File: rho_gr_toro.png Graphic file (type png)
<use rho_gr_toro.png>
Package pdftex.def Info: rho_gr_toro.png  used on input line 1678.
(pdftex.def)             Requested size: 356.29022pt x 328.8277pt.
File: rho_gr_toro.png Graphic file (type png)
<use rho_gr_toro.png>
Package pdftex.def Info: rho_gr_toro.png  used on input line 1678.
(pdftex.def)             Requested size: 356.29022pt x 328.8277pt.

[30 <./starplot_b_gr_toro.png>]
<p_gr_toro.png, id=404, 356.2911pt x 328.8285pt>
File: p_gr_toro.png Graphic file (type png)
<use p_gr_toro.png>
Package pdftex.def Info: p_gr_toro.png  used on input line 1698.
(pdftex.def)             Requested size: 356.29022pt x 328.8277pt.
File: p_gr_toro.png Graphic file (type png)
<use p_gr_toro.png>
Package pdftex.def Info: p_gr_toro.png  used on input line 1698.
(pdftex.def)             Requested size: 356.29022pt x 328.8277pt.
 [31 <./rho_gr_toro.png>]
<alpha_gr_toro.png, id=410, 362.0727pt x 328.8285pt>
File: alpha_gr_toro.png Graphic file (type png)
<use alpha_gr_toro.png>
Package pdftex.def Info: alpha_gr_toro.png  used on input line 1718.
(pdftex.def)             Requested size: 362.07181pt x 328.8277pt.
File: alpha_gr_toro.png Graphic file (type png)
<use alpha_gr_toro.png>
Package pdftex.def Info: alpha_gr_toro.png  used on input line 1718.
(pdftex.def)             Requested size: 362.07181pt x 328.8277pt.
 [32 <./p_gr_toro.png>]
<psi_gr_toro.png, id=416, 362.0727pt x 328.8285pt>
File: psi_gr_toro.png Graphic file (type png)
<use psi_gr_toro.png>
Package pdftex.def Info: psi_gr_toro.png  used on input line 1738.
(pdftex.def)             Requested size: 362.07181pt x 328.8277pt.
File: psi_gr_toro.png Graphic file (type png)
<use psi_gr_toro.png>
Package pdftex.def Info: psi_gr_toro.png  used on input line 1738.
(pdftex.def)             Requested size: 362.07181pt x 328.8277pt.
[33 <./alpha_gr_toro.png>]
<btor_gr_toro.png, id=423, 355.5684pt x 328.8285pt>
File: btor_gr_toro.png Graphic file (type png)
<use btor_gr_toro.png>
Package pdftex.def Info: btor_gr_toro.png  used on input line 1758.
(pdftex.def)             Requested size: 355.56752pt x 328.8277pt.
File: btor_gr_toro.png Graphic file (type png)
<use btor_gr_toro.png>
Package pdftex.def Info: btor_gr_toro.png  used on input line 1758.
(pdftex.def)             Requested size: 355.56752pt x 328.8277pt.
 [34 <./psi_gr_toro.png>]
<starplot_bpol_gr_twist.png, id=429, 578.16pt x 578.16pt>
File: starplot_bpol_gr_twist.png Graphic file (type png)
<use starplot_bpol_gr_twist.png>
Package pdftex.def Info: starplot_bpol_gr_twist.png  used on input line 1799.
(pdftex.def)             Requested size: 469.75385pt x 469.75385pt.
File: starplot_bpol_gr_twist.png Graphic file (type png)
<use starplot_bpol_gr_twist.png>
Package pdftex.def Info: starplot_bpol_gr_twist.png  used on input line 1799.
(pdftex.def)             Requested size: 457.75592pt x 457.75592pt.
 [35 <./btor_gr_toro.png>]
<starplot_btor_gr_twist.png, id=435, 578.16pt x 578.16pt>
File: starplot_btor_gr_twist.png Graphic file (type png)
<use starplot_btor_gr_twist.png>
Package pdftex.def Info: starplot_btor_gr_twist.png  used on input line 1819.
(pdftex.def)             Requested size: 469.75385pt x 469.75385pt.
File: starplot_btor_gr_twist.png Graphic file (type png)
<use starplot_btor_gr_twist.png>
Package pdftex.def Info: starplot_btor_gr_twist.png  used on input line 1819.
(pdftex.def)             Requested size: 457.75592pt x 457.75592pt.

[36 <./starplot_bpol_gr_twist.png>]
<starplot_jtor_gr_twist.png, id=441, 578.16pt x 578.16pt>
File: starplot_jtor_gr_twist.png Graphic file (type png)
<use starplot_jtor_gr_twist.png>
Package pdftex.def Info: starplot_jtor_gr_twist.png  used on input line 1839.
(pdftex.def)             Requested size: 469.75385pt x 469.75385pt.
File: starplot_jtor_gr_twist.png Graphic file (type png)
<use starplot_jtor_gr_twist.png>
Package pdftex.def Info: starplot_jtor_gr_twist.png  used on input line 1839.
(pdftex.def)             Requested size: 457.75592pt x 457.75592pt.
 [37 <./starplot_btor_gr_twist.png>]
[38 <./starplot_jtor_gr_twist.png>]
<starplot_rho_bu8.png, id=452, 578.16pt x 578.16pt>
File: starplot_rho_bu8.png Graphic file (type png)
<use starplot_rho_bu8.png>
Package pdftex.def Info: starplot_rho_bu8.png  used on input line 1881.
(pdftex.def)             Requested size: 469.75385pt x 469.75385pt.
File: starplot_rho_bu8.png Graphic file (type png)
<use starplot_rho_bu8.png>
Package pdftex.def Info: starplot_rho_bu8.png  used on input line 1881.
(pdftex.def)             Requested size: 457.75592pt x 457.75592pt.
<starplot_beta_bu8.png, id=453, 578.16pt x 578.16pt>
File: starplot_beta_bu8.png Graphic file (type png)
<use starplot_beta_bu8.png>
Package pdftex.def Info: starplot_beta_bu8.png  used on input line 1901.
(pdftex.def)             Requested size: 469.75385pt x 469.75385pt.
File: starplot_beta_bu8.png Graphic file (type png)
<use starplot_beta_bu8.png>
Package pdftex.def Info: starplot_beta_bu8.png  used on input line 1901.
(pdftex.def)             Requested size: 457.75592pt x 457.75592pt.
 [39 <./starplot_rho_bu8.png>]
<starplot_vel_bu8.png, id=460, 578.16pt x 578.16pt>
File: starplot_vel_bu8.png Graphic file (type png)
<use starplot_vel_bu8.png>
Package pdftex.def Info: starplot_vel_bu8.png  used on input line 1921.
(pdftex.def)             Requested size: 469.75385pt x 469.75385pt.
File: starplot_vel_bu8.png Graphic file (type png)
<use starplot_vel_bu8.png>
Package pdftex.def Info: starplot_vel_bu8.png  used on input line 1921.
(pdftex.def)             Requested size: 457.75592pt x 457.75592pt.
 [40 <./starplot_beta_bu8.png>] [41 <./starplot_vel_bu8.png>]
<rho.png, id=471, 578.16pt x 578.16pt>
File: rho.png Graphic file (type png)
<use rho.png>
Package pdftex.def Info: rho.png  used on input line 1963.
(pdftex.def)             Requested size: 469.75385pt x 469.75385pt.
File: rho.png Graphic file (type png)
<use rho.png>
Package pdftex.def Info: rho.png  used on input line 1963.
(pdftex.def)             Requested size: 457.75592pt x 457.75592pt.
<vel.png, id=472, 578.16pt x 578.16pt>
File: vel.png Graphic file (type png)
<use vel.png>
Package pdftex.def Info: vel.png  used on input line 1983.
(pdftex.def)             Requested size: 469.75385pt x 469.75385pt.
File: vel.png Graphic file (type png)
<use vel.png>
Package pdftex.def Info: vel.png  used on input line 1983.
(pdftex.def)             Requested size: 457.75592pt x 457.75592pt.
 [42 <./rho.png>]
<rho-cut.png, id=479, 578.16pt x 578.16pt>
File: rho-cut.png Graphic file (type png)
<use rho-cut.png>
Package pdftex.def Info: rho-cut.png  used on input line 2003.
(pdftex.def)             Requested size: 469.75385pt x 469.75385pt.
File: rho-cut.png Graphic file (type png)
<use rho-cut.png>
Package pdftex.def Info: rho-cut.png  used on input line 2003.
(pdftex.def)             Requested size: 457.75592pt x 457.75592pt.
 [43 <./vel.png>]
<p-cut.png, id=485, 578.16pt x 578.16pt>
File: p-cut.png Graphic file (type png)
<use p-cut.png>
Package pdftex.def Info: p-cut.png  used on input line 2023.
(pdftex.def)             Requested size: 469.75385pt x 469.75385pt.
File: p-cut.png Graphic file (type png)
<use p-cut.png>
Package pdftex.def Info: p-cut.png  used on input line 2023.
(pdftex.def)             Requested size: 457.75592pt x 457.75592pt.
 [44 <./rho-cut.png>] [45 <./p-cut.png>]
<rho_polunir.png, id=497, 578.16pt x 578.16pt>
File: rho_polunir.png Graphic file (type png)
<use rho_polunir.png>
Package pdftex.def Info: rho_polunir.png  used on input line 2064.
(pdftex.def)             Requested size: 469.75385pt x 469.75385pt.
File: rho_polunir.png Graphic file (type png)
<use rho_polunir.png>
Package pdftex.def Info: rho_polunir.png  used on input line 2064.
(pdftex.def)             Requested size: 457.75592pt x 457.75592pt.
<vel_polunir.png, id=498, 578.16pt x 578.16pt>
File: vel_polunir.png Graphic file (type png)
<use vel_polunir.png>
Package pdftex.def Info: vel_polunir.png  used on input line 2084.
(pdftex.def)             Requested size: 469.75385pt x 469.75385pt.
File: vel_polunir.png Graphic file (type png)
<use vel_polunir.png>
Package pdftex.def Info: vel_polunir.png  used on input line 2084.
(pdftex.def)             Requested size: 457.75592pt x 457.75592pt.
 [46 <./rho_polunir.png>]
<B_pol_polunir.png, id=504, 578.16pt x 578.16pt>
File: B_pol_polunir.png Graphic file (type png)
<use B_pol_polunir.png>
Package pdftex.def Info: B_pol_polunir.png  used on input line 2104.
(pdftex.def)             Requested size: 469.75385pt x 469.75385pt.
File: B_pol_polunir.png Graphic file (type png)
<use B_pol_polunir.png>
Package pdftex.def Info: B_pol_polunir.png  used on input line 2104.
(pdftex.def)             Requested size: 457.75592pt x 457.75592pt.
 [47 <./vel_polunir.png>]
<E_pol_polunir.png, id=510, 578.16pt x 578.16pt>
File: E_pol_polunir.png Graphic file (type png)
<use E_pol_polunir.png>
Package pdftex.def Info: E_pol_polunir.png  used on input line 2124.
(pdftex.def)             Requested size: 469.75385pt x 469.75385pt.
File: E_pol_polunir.png Graphic file (type png)
<use E_pol_polunir.png>
Package pdftex.def Info: E_pol_polunir.png  used on input line 2124.
(pdftex.def)             Requested size: 457.75592pt x 457.75592pt.
 [48 <./B_pol_polunir.png>] [49 <./E_pol_polunir.png>] [50

]
Chapter 7.
LaTeX Font Info:    Try loading font information for TS1+txtt on input line 215
0.
(/usr/local/texlive/2018/texmf-dist/tex/latex/txfonts/ts1txtt.fd
File: ts1txtt.fd 2000/12/15 v3.1
)
<starplot_rho_b-6_unmag.png, id=525, 793.93758pt x 783.61328pt>
File: starplot_rho_b-6_unmag.png Graphic file (type png)
<use starplot_rho_b-6_unmag.png>
Package pdftex.def Info: starplot_rho_b-6_unmag.png  used on input line 2169.
(pdftex.def)             Requested size: 469.76382pt x 463.65504pt.
File: starplot_rho_b-6_unmag.png Graphic file (type png)
<use starplot_rho_b-6_unmag.png>
Package pdftex.def Info: starplot_rho_b-6_unmag.png  used on input line 2169.
(pdftex.def)             Requested size: 457.77046pt x 451.8057pt.
 [51]
<starplot_chi_b-6_unmag.png, id=532, 793.93758pt x 775.35385pt>
File: starplot_chi_b-6_unmag.png Graphic file (type png)
<use starplot_chi_b-6_unmag.png>
Package pdftex.def Info: starplot_chi_b-6_unmag.png  used on input line 2189.
(pdftex.def)             Requested size: 469.76382pt x 458.75621pt.
File: starplot_chi_b-6_unmag.png Graphic file (type png)
<use starplot_chi_b-6_unmag.png>
Package pdftex.def Info: starplot_chi_b-6_unmag.png  used on input line 2189.
(pdftex.def)             Requested size: 457.77046pt x 447.0436pt.
 [52 <./starplot_rho_b-6_unmag.png>]
<rho_b-6_unmag.png, id=538, 363.5181pt x 328.8285pt>
File: rho_b-6_unmag.png Graphic file (type png)
<use rho_b-6_unmag.png>
Package pdftex.def Info: rho_b-6_unmag.png  used on input line 2209.
(pdftex.def)             Requested size: 363.51721pt x 328.8277pt.
File: rho_b-6_unmag.png Graphic file (type png)
<use rho_b-6_unmag.png>
Package pdftex.def Info: rho_b-6_unmag.png  used on input line 2209.
(pdftex.def)             Requested size: 363.51721pt x 328.8277pt.
 [53 <./starplot_chi_b-6_unmag.png>]
<p_b-6_unmag.png, id=544, 363.5181pt x 328.8285pt>
File: p_b-6_unmag.png Graphic file (type png)
<use p_b-6_unmag.png>
Package pdftex.def Info: p_b-6_unmag.png  used on input line 2229.
(pdftex.def)             Requested size: 363.51721pt x 328.8277pt.
File: p_b-6_unmag.png Graphic file (type png)
<use p_b-6_unmag.png>
Package pdftex.def Info: p_b-6_unmag.png  used on input line 2229.
(pdftex.def)             Requested size: 363.51721pt x 328.8277pt.
 [54 <./rho_b-6_unmag.png>]
<chi_b-6_unmag.png, id=550, 352.6776pt x 328.8285pt>
File: chi_b-6_unmag.png Graphic file (type png)
<use chi_b-6_unmag.png>
Package pdftex.def Info: chi_b-6_unmag.png  used on input line 2249.
(pdftex.def)             Requested size: 352.67673pt x 328.8277pt.
File: chi_b-6_unmag.png Graphic file (type png)
<use chi_b-6_unmag.png>
Package pdftex.def Info: chi_b-6_unmag.png  used on input line 2249.
(pdftex.def)             Requested size: 352.67673pt x 328.8277pt.
 [55 <./p_b-6_unmag.png>]
<alpha_b-6_unmag.png, id=556, 362.0727pt x 328.8285pt>
File: alpha_b-6_unmag.png Graphic file (type png)
<use alpha_b-6_unmag.png>
Package pdftex.def Info: alpha_b-6_unmag.png  used on input line 2269.
(pdftex.def)             Requested size: 362.07181pt x 328.8277pt.
File: alpha_b-6_unmag.png Graphic file (type png)
<use alpha_b-6_unmag.png>
Package pdftex.def Info: alpha_b-6_unmag.png  used on input line 2269.
(pdftex.def)             Requested size: 362.07181pt x 328.8277pt.
 [56 <./chi_b-6_unmag.png>]
<psi_b-6_unmag.png, id=562, 362.0727pt x 328.8285pt>
File: psi_b-6_unmag.png Graphic file (type png)
<use psi_b-6_unmag.png>
Package pdftex.def Info: psi_b-6_unmag.png  used on input line 2289.
(pdftex.def)             Requested size: 362.07181pt x 328.8277pt.
File: psi_b-6_unmag.png Graphic file (type png)
<use psi_b-6_unmag.png>
Package pdftex.def Info: psi_b-6_unmag.png  used on input line 2289.
(pdftex.def)             Requested size: 362.07181pt x 328.8277pt.
 [57 <./alpha_b-6_unmag.png>]
<starplot_rho_b-6_polo.png, id=569, 793.93758pt x 783.61328pt>
File: starplot_rho_b-6_polo.png Graphic file (type png)
<use starplot_rho_b-6_polo.png>
Package pdftex.def Info: starplot_rho_b-6_polo.png  used on input line 2326.
(pdftex.def)             Requested size: 469.76382pt x 463.65504pt.
File: starplot_rho_b-6_polo.png Graphic file (type png)
<use starplot_rho_b-6_polo.png>
Package pdftex.def Info: starplot_rho_b-6_polo.png  used on input line 2326.
(pdftex.def)             Requested size: 457.77046pt x 451.8057pt.
 [58 <./psi_b-6_unmag.png>]
<starplot_chi_b-6_polo.png, id=575, 793.93758pt x 775.35385pt>
File: starplot_chi_b-6_polo.png Graphic file (type png)
<use starplot_chi_b-6_polo.png>
Package pdftex.def Info: starplot_chi_b-6_polo.png  used on input line 2346.
(pdftex.def)             Requested size: 469.76382pt x 458.75621pt.
File: starplot_chi_b-6_polo.png Graphic file (type png)
<use starplot_chi_b-6_polo.png>
Package pdftex.def Info: starplot_chi_b-6_polo.png  used on input line 2346.
(pdftex.def)             Requested size: 457.77046pt x 447.0436pt.
 [59 <./starplot_rho_b-6_polo.png>]
<starplot_b_b-6_polo.png, id=581, 793.93758pt x 782.58086pt>
File: starplot_b_b-6_polo.png Graphic file (type png)
<use starplot_b_b-6_polo.png>
Package pdftex.def Info: starplot_b_b-6_polo.png  used on input line 2366.
(pdftex.def)             Requested size: 469.76382pt x 463.04417pt.
File: starplot_b_b-6_polo.png Graphic file (type png)
<use starplot_b_b-6_polo.png>
Package pdftex.def Info: starplot_b_b-6_polo.png  used on input line 2366.
(pdftex.def)             Requested size: 457.77046pt x 451.21045pt.

[60 <./starplot_chi_b-6_polo.png>]
<rho_b-6_polo.png, id=587, 363.5181pt x 328.8285pt>
File: rho_b-6_polo.png Graphic file (type png)
<use rho_b-6_polo.png>
Package pdftex.def Info: rho_b-6_polo.png  used on input line 2386.
(pdftex.def)             Requested size: 363.51721pt x 328.8277pt.
File: rho_b-6_polo.png Graphic file (type png)
<use rho_b-6_polo.png>
Package pdftex.def Info: rho_b-6_polo.png  used on input line 2386.
(pdftex.def)             Requested size: 363.51721pt x 328.8277pt.
 [61 <./starplot_b_b-6_polo.png>]
<p_b-6_polo.png, id=593, 363.5181pt x 328.8285pt>
File: p_b-6_polo.png Graphic file (type png)
<use p_b-6_polo.png>
Package pdftex.def Info: p_b-6_polo.png  used on input line 2406.
(pdftex.def)             Requested size: 363.51721pt x 328.8277pt.
File: p_b-6_polo.png Graphic file (type png)
<use p_b-6_polo.png>
Package pdftex.def Info: p_b-6_polo.png  used on input line 2406.
(pdftex.def)             Requested size: 363.51721pt x 328.8277pt.
 [62 <./rho_b-6_polo.png>]
<chi_b-6_polo.png, id=599, 352.6776pt x 328.8285pt>
File: chi_b-6_polo.png Graphic file (type png)
<use chi_b-6_polo.png>
Package pdftex.def Info: chi_b-6_polo.png  used on input line 2426.
(pdftex.def)             Requested size: 352.67673pt x 328.8277pt.
File: chi_b-6_polo.png Graphic file (type png)
<use chi_b-6_polo.png>
Package pdftex.def Info: chi_b-6_polo.png  used on input line 2426.
(pdftex.def)             Requested size: 352.67673pt x 328.8277pt.
 [63 <./p_b-6_polo.png>]
<alpha_b-6_polo.png, id=606, 362.0727pt x 328.8285pt>
File: alpha_b-6_polo.png Graphic file (type png)
<use alpha_b-6_polo.png>
Package pdftex.def Info: alpha_b-6_polo.png  used on input line 2446.
(pdftex.def)             Requested size: 362.07181pt x 328.8277pt.
File: alpha_b-6_polo.png Graphic file (type png)
<use alpha_b-6_polo.png>
Package pdftex.def Info: alpha_b-6_polo.png  used on input line 2446.
(pdftex.def)             Requested size: 362.07181pt x 328.8277pt.
 [64 <./chi_b-6_polo.png>]
<psi_b-6_polo.png, id=612, 362.0727pt x 328.8285pt>
File: psi_b-6_polo.png Graphic file (type png)
<use psi_b-6_polo.png>
Package pdftex.def Info: psi_b-6_polo.png  used on input line 2466.
(pdftex.def)             Requested size: 362.07181pt x 328.8277pt.
File: psi_b-6_polo.png Graphic file (type png)
<use psi_b-6_polo.png>
Package pdftex.def Info: psi_b-6_polo.png  used on input line 2466.
(pdftex.def)             Requested size: 362.07181pt x 328.8277pt.
 [65 <./alpha_b-6_polo.png>]
<bpol_b-6_polo.png, id=618, 357.7365pt x 328.8285pt>
File: bpol_b-6_polo.png Graphic file (type png)
<use bpol_b-6_polo.png>
Package pdftex.def Info: bpol_b-6_polo.png  used on input line 2486.
(pdftex.def)             Requested size: 357.73561pt x 328.8277pt.
File: bpol_b-6_polo.png Graphic file (type png)
<use bpol_b-6_polo.png>
Package pdftex.def Info: bpol_b-6_polo.png  used on input line 2486.
(pdftex.def)             Requested size: 357.73561pt x 328.8277pt.
 [66 <./psi_b-6_polo.png>]
<starplot_rho_b-6_toro.png, id=624, 793.93758pt x 783.61328pt>
File: starplot_rho_b-6_toro.png Graphic file (type png)
<use starplot_rho_b-6_toro.png>
Package pdftex.def Info: starplot_rho_b-6_toro.png  used on input line 2523.
(pdftex.def)             Requested size: 469.76382pt x 463.65504pt.
File: starplot_rho_b-6_toro.png Graphic file (type png)
<use starplot_rho_b-6_toro.png>
Package pdftex.def Info: starplot_rho_b-6_toro.png  used on input line 2523.
(pdftex.def)             Requested size: 457.77046pt x 451.8057pt.
 [67 <./bpol_b-6_polo.png>]
<starplot_chi_b-6_toro.png, id=630, 793.93758pt x 775.35385pt>
File: starplot_chi_b-6_toro.png Graphic file (type png)
<use starplot_chi_b-6_toro.png>
Package pdftex.def Info: starplot_chi_b-6_toro.png  used on input line 2543.
(pdftex.def)             Requested size: 469.76382pt x 458.75621pt.
File: starplot_chi_b-6_toro.png Graphic file (type png)
<use starplot_chi_b-6_toro.png>
Package pdftex.def Info: starplot_chi_b-6_toro.png  used on input line 2543.
(pdftex.def)             Requested size: 457.77046pt x 447.0436pt.
 [68 <./starplot_rho_b-6_toro.png>]
<starplot_b_b-6_toro.png, id=636, 793.93758pt x 782.58086pt>
File: starplot_b_b-6_toro.png Graphic file (type png)
<use starplot_b_b-6_toro.png>
Package pdftex.def Info: starplot_b_b-6_toro.png  used on input line 2563.
(pdftex.def)             Requested size: 469.76382pt x 463.04417pt.
File: starplot_b_b-6_toro.png Graphic file (type png)
<use starplot_b_b-6_toro.png>
Package pdftex.def Info: starplot_b_b-6_toro.png  used on input line 2563.
(pdftex.def)             Requested size: 457.77046pt x 451.21045pt.
 [69 <./starplot_chi_b-6_toro.png>]
<rho_b-6_toro.png, id=643, 363.5181pt x 328.8285pt>
File: rho_b-6_toro.png Graphic file (type png)
<use rho_b-6_toro.png>
Package pdftex.def Info: rho_b-6_toro.png  used on input line 2583.
(pdftex.def)             Requested size: 363.51721pt x 328.8277pt.
File: rho_b-6_toro.png Graphic file (type png)
<use rho_b-6_toro.png>
Package pdftex.def Info: rho_b-6_toro.png  used on input line 2583.
(pdftex.def)             Requested size: 363.51721pt x 328.8277pt.
 [70 <./starplot_b_b-6_toro.png>]
<p_b-6_toro.png, id=649, 363.5181pt x 328.8285pt>
File: p_b-6_toro.png Graphic file (type png)
<use p_b-6_toro.png>
Package pdftex.def Info: p_b-6_toro.png  used on input line 2603.
(pdftex.def)             Requested size: 363.51721pt x 328.8277pt.
File: p_b-6_toro.png Graphic file (type png)
<use p_b-6_toro.png>
Package pdftex.def Info: p_b-6_toro.png  used on input line 2603.
(pdftex.def)             Requested size: 363.51721pt x 328.8277pt.
 [71 <./rho_b-6_toro.png>]
<chi_b-6_toro.png, id=655, 352.6776pt x 328.8285pt>
File: chi_b-6_toro.png Graphic file (type png)
<use chi_b-6_toro.png>
Package pdftex.def Info: chi_b-6_toro.png  used on input line 2623.
(pdftex.def)             Requested size: 352.67673pt x 328.8277pt.
File: chi_b-6_toro.png Graphic file (type png)
<use chi_b-6_toro.png>
Package pdftex.def Info: chi_b-6_toro.png  used on input line 2623.
(pdftex.def)             Requested size: 352.67673pt x 328.8277pt.
 [72 <./p_b-6_toro.png>]
<alpha_b-6_toro.png, id=661, 362.0727pt x 328.8285pt>
File: alpha_b-6_toro.png Graphic file (type png)
<use alpha_b-6_toro.png>
Package pdftex.def Info: alpha_b-6_toro.png  used on input line 2643.
(pdftex.def)             Requested size: 362.07181pt x 328.8277pt.
File: alpha_b-6_toro.png Graphic file (type png)
<use alpha_b-6_toro.png>
Package pdftex.def Info: alpha_b-6_toro.png  used on input line 2643.
(pdftex.def)             Requested size: 362.07181pt x 328.8277pt.
 [73 <./chi_b-6_toro.png>]
<psi_b-6_toro.png, id=667, 362.0727pt x 328.8285pt>
File: psi_b-6_toro.png Graphic file (type png)
<use psi_b-6_toro.png>
Package pdftex.def Info: psi_b-6_toro.png  used on input line 2663.
(pdftex.def)             Requested size: 362.07181pt x 328.8277pt.
File: psi_b-6_toro.png Graphic file (type png)
<use psi_b-6_toro.png>
Package pdftex.def Info: psi_b-6_toro.png  used on input line 2663.
(pdftex.def)             Requested size: 362.07181pt x 328.8277pt.
 [74 <./alpha_b-6_toro.png>]
<btor_b-6_toro.png, id=674, 355.5684pt x 328.8285pt>
File: btor_b-6_toro.png Graphic file (type png)
<use btor_b-6_toro.png>
Package pdftex.def Info: btor_b-6_toro.png  used on input line 2683.
(pdftex.def)             Requested size: 355.56752pt x 328.8277pt.
File: btor_b-6_toro.png Graphic file (type png)
<use btor_b-6_toro.png>
Package pdftex.def Info: btor_b-6_toro.png  used on input line 2683.
(pdftex.def)             Requested size: 355.56752pt x 328.8277pt.
 [75 <./psi_b-6_toro.png>]
<starplot_rho_b-6_unmag1.png, id=681, 793.93758pt x 783.61328pt>
File: starplot_rho_b-6_unmag1.png Graphic file (type png)
<use starplot_rho_b-6_unmag1.png>
Package pdftex.def Info: starplot_rho_b-6_unmag1.png  used on input line 2719.
(pdftex.def)             Requested size: 469.76382pt x 463.65504pt.
File: starplot_rho_b-6_unmag1.png Graphic file (type png)
<use starplot_rho_b-6_unmag1.png>
Package pdftex.def Info: starplot_rho_b-6_unmag1.png  used on input line 2719.
(pdftex.def)             Requested size: 457.77046pt x 451.8057pt.
 [76 <./btor_b-6_toro.png>]
<starplot_chi_b-6_unmag1.png, id=687, 793.93758pt x 775.35385pt>
File: starplot_chi_b-6_unmag1.png Graphic file (type png)
<use starplot_chi_b-6_unmag1.png>
Package pdftex.def Info: starplot_chi_b-6_unmag1.png  used on input line 2739.
(pdftex.def)             Requested size: 469.76382pt x 458.75621pt.
File: starplot_chi_b-6_unmag1.png Graphic file (type png)
<use starplot_chi_b-6_unmag1.png>
Package pdftex.def Info: starplot_chi_b-6_unmag1.png  used on input line 2739.
(pdftex.def)             Requested size: 457.77046pt x 447.0436pt.
 [77 <./starplot_rho_b-6_unmag1.png>]
<rho_b-6_unmag1.png, id=693, 363.5181pt x 328.8285pt>
File: rho_b-6_unmag1.png Graphic file (type png)
<use rho_b-6_unmag1.png>
Package pdftex.def Info: rho_b-6_unmag1.png  used on input line 2759.
(pdftex.def)             Requested size: 363.51721pt x 328.8277pt.
File: rho_b-6_unmag1.png Graphic file (type png)
<use rho_b-6_unmag1.png>
Package pdftex.def Info: rho_b-6_unmag1.png  used on input line 2759.
(pdftex.def)             Requested size: 363.51721pt x 328.8277pt.
 [78 <./starplot_chi_b-6_unmag1.png>]
<p_b-6_unmag1.png, id=699, 363.5181pt x 328.8285pt>
File: p_b-6_unmag1.png Graphic file (type png)
<use p_b-6_unmag1.png>
Package pdftex.def Info: p_b-6_unmag1.png  used on input line 2779.
(pdftex.def)             Requested size: 363.51721pt x 328.8277pt.
File: p_b-6_unmag1.png Graphic file (type png)
<use p_b-6_unmag1.png>
Package pdftex.def Info: p_b-6_unmag1.png  used on input line 2779.
(pdftex.def)             Requested size: 363.51721pt x 328.8277pt.
 [79 <./rho_b-6_unmag1.png>]
<chi_b-6_unmag1.png, id=705, 352.6776pt x 328.8285pt>
File: chi_b-6_unmag1.png Graphic file (type png)
<use chi_b-6_unmag1.png>
Package pdftex.def Info: chi_b-6_unmag1.png  used on input line 2799.
(pdftex.def)             Requested size: 352.67673pt x 328.8277pt.
File: chi_b-6_unmag1.png Graphic file (type png)
<use chi_b-6_unmag1.png>
Package pdftex.def Info: chi_b-6_unmag1.png  used on input line 2799.
(pdftex.def)             Requested size: 352.67673pt x 328.8277pt.
 [80 <./p_b-6_unmag1.png>]
<alpha_b-6_unmag1.png, id=711, 362.0727pt x 328.8285pt>
File: alpha_b-6_unmag1.png Graphic file (type png)
<use alpha_b-6_unmag1.png>
Package pdftex.def Info: alpha_b-6_unmag1.png  used on input line 2819.
(pdftex.def)             Requested size: 362.07181pt x 328.8277pt.
File: alpha_b-6_unmag1.png Graphic file (type png)
<use alpha_b-6_unmag1.png>
Package pdftex.def Info: alpha_b-6_unmag1.png  used on input line 2819.
(pdftex.def)             Requested size: 362.07181pt x 328.8277pt.
 [81 <./chi_b-6_unmag1.png>]
<psi_b-6_unmag1.png, id=718, 362.0727pt x 328.8285pt>
File: psi_b-6_unmag1.png Graphic file (type png)
<use psi_b-6_unmag1.png>
Package pdftex.def Info: psi_b-6_unmag1.png  used on input line 2839.
(pdftex.def)             Requested size: 362.07181pt x 328.8277pt.
File: psi_b-6_unmag1.png Graphic file (type png)
<use psi_b-6_unmag1.png>
Package pdftex.def Info: psi_b-6_unmag1.png  used on input line 2839.
(pdftex.def)             Requested size: 362.07181pt x 328.8277pt.
 [82 <./alpha_b-6_unmag1.png>]
<starplot_rho_b-6_polo1.png, id=724, 793.93758pt x 783.61328pt>
File: starplot_rho_b-6_polo1.png Graphic file (type png)
<use starplot_rho_b-6_polo1.png>
Package pdftex.def Info: starplot_rho_b-6_polo1.png  used on input line 2876.
(pdftex.def)             Requested size: 469.76382pt x 463.65504pt.
File: starplot_rho_b-6_polo1.png Graphic file (type png)
<use starplot_rho_b-6_polo1.png>
Package pdftex.def Info: starplot_rho_b-6_polo1.png  used on input line 2876.
(pdftex.def)             Requested size: 457.77046pt x 451.8057pt.
 [83 <./psi_b-6_unmag1.png>]
<starplot_chi_b-6_polo1.png, id=730, 793.93758pt x 775.35385pt>
File: starplot_chi_b-6_polo1.png Graphic file (type png)
<use starplot_chi_b-6_polo1.png>
Package pdftex.def Info: starplot_chi_b-6_polo1.png  used on input line 2896.
(pdftex.def)             Requested size: 469.76382pt x 458.75621pt.
File: starplot_chi_b-6_polo1.png Graphic file (type png)
<use starplot_chi_b-6_polo1.png>
Package pdftex.def Info: starplot_chi_b-6_polo1.png  used on input line 2896.
(pdftex.def)             Requested size: 457.77046pt x 447.0436pt.
 [84 <./starplot_rho_b-6_polo1.png>]
<starplot_b_b-6_polo1.png, id=736, 793.93758pt x 782.58086pt>
File: starplot_b_b-6_polo1.png Graphic file (type png)
<use starplot_b_b-6_polo1.png>
Package pdftex.def Info: starplot_b_b-6_polo1.png  used on input line 2916.
(pdftex.def)             Requested size: 469.76382pt x 463.04417pt.
File: starplot_b_b-6_polo1.png Graphic file (type png)
<use starplot_b_b-6_polo1.png>
Package pdftex.def Info: starplot_b_b-6_polo1.png  used on input line 2916.
(pdftex.def)             Requested size: 457.77046pt x 451.21045pt.
 [85 <./starplot_chi_b-6_polo1.png>]
<rho_b-6_polo1.png, id=742, 346.1733pt x 328.8285pt>
File: rho_b-6_polo1.png Graphic file (type png)
<use rho_b-6_polo1.png>
Package pdftex.def Info: rho_b-6_polo1.png  used on input line 2936.
(pdftex.def)             Requested size: 346.17244pt x 328.8277pt.
File: rho_b-6_polo1.png Graphic file (type png)
<use rho_b-6_polo1.png>
Package pdftex.def Info: rho_b-6_polo1.png  used on input line 2936.
(pdftex.def)             Requested size: 346.17244pt x 328.8277pt.
 [86 <./starplot_b_b-6_polo1.png>]
<p_b-6_polo1.png, id=748, 346.1733pt x 328.8285pt>
File: p_b-6_polo1.png Graphic file (type png)
<use p_b-6_polo1.png>
Package pdftex.def Info: p_b-6_polo1.png  used on input line 2956.
(pdftex.def)             Requested size: 346.17244pt x 328.8277pt.
File: p_b-6_polo1.png Graphic file (type png)
<use p_b-6_polo1.png>
Package pdftex.def Info: p_b-6_polo1.png  used on input line 2956.
(pdftex.def)             Requested size: 346.17244pt x 328.8277pt.
 [87 <./rho_b-6_polo1.png>]
<chi_b-6_polo1.png, id=755, 352.6776pt x 328.8285pt>
File: chi_b-6_polo1.png Graphic file (type png)
<use chi_b-6_polo1.png>
Package pdftex.def Info: chi_b-6_polo1.png  used on input line 2976.
(pdftex.def)             Requested size: 352.67673pt x 328.8277pt.
File: chi_b-6_polo1.png Graphic file (type png)
<use chi_b-6_polo1.png>
Package pdftex.def Info: chi_b-6_polo1.png  used on input line 2976.
(pdftex.def)             Requested size: 352.67673pt x 328.8277pt.
 [88 <./p_b-6_polo1.png>]
<alpha_b-6_polo1.png, id=761, 362.0727pt x 328.8285pt>
File: alpha_b-6_polo1.png Graphic file (type png)
<use alpha_b-6_polo1.png>
Package pdftex.def Info: alpha_b-6_polo1.png  used on input line 2996.
(pdftex.def)             Requested size: 362.07181pt x 328.8277pt.
File: alpha_b-6_polo1.png Graphic file (type png)
<use alpha_b-6_polo1.png>
Package pdftex.def Info: alpha_b-6_polo1.png  used on input line 2996.
(pdftex.def)             Requested size: 362.07181pt x 328.8277pt.
 [89 <./chi_b-6_polo1.png>]
<psi_b-6_polo1.png, id=767, 362.0727pt x 328.8285pt>
File: psi_b-6_polo1.png Graphic file (type png)
<use psi_b-6_polo1.png>
Package pdftex.def Info: psi_b-6_polo1.png  used on input line 3016.
(pdftex.def)             Requested size: 362.07181pt x 328.8277pt.
File: psi_b-6_polo1.png Graphic file (type png)
<use psi_b-6_polo1.png>
Package pdftex.def Info: psi_b-6_polo1.png  used on input line 3016.
(pdftex.def)             Requested size: 362.07181pt x 328.8277pt.
 [90 <./alpha_b-6_polo1.png>]
<bpol_b-6_polo1.png, id=773, 357.7365pt x 328.8285pt>
File: bpol_b-6_polo1.png Graphic file (type png)
<use bpol_b-6_polo1.png>
Package pdftex.def Info: bpol_b-6_polo1.png  used on input line 3036.
(pdftex.def)             Requested size: 357.73561pt x 328.8277pt.
File: bpol_b-6_polo1.png Graphic file (type png)
<use bpol_b-6_polo1.png>
Package pdftex.def Info: bpol_b-6_polo1.png  used on input line 3036.
(pdftex.def)             Requested size: 357.73561pt x 328.8277pt.
 [91 <./psi_b-6_polo1.png>]
<starplot_rho_b-6_toro1.png, id=779, 793.93758pt x 783.61328pt>
File: starplot_rho_b-6_toro1.png Graphic file (type png)
<use starplot_rho_b-6_toro1.png>
Package pdftex.def Info: starplot_rho_b-6_toro1.png  used on input line 3073.
(pdftex.def)             Requested size: 469.76382pt x 463.65504pt.
File: starplot_rho_b-6_toro1.png Graphic file (type png)
<use starplot_rho_b-6_toro1.png>
Package pdftex.def Info: starplot_rho_b-6_toro1.png  used on input line 3073.
(pdftex.def)             Requested size: 457.77046pt x 451.8057pt.
 [92 <./bpol_b-6_polo1.png>]
<starplot_chi_b-6_toro1.png, id=785, 793.93758pt x 775.35385pt>
File: starplot_chi_b-6_toro1.png Graphic file (type png)
<use starplot_chi_b-6_toro1.png>
Package pdftex.def Info: starplot_chi_b-6_toro1.png  used on input line 3093.
(pdftex.def)             Requested size: 469.76382pt x 458.75621pt.
File: starplot_chi_b-6_toro1.png Graphic file (type png)
<use starplot_chi_b-6_toro1.png>
Package pdftex.def Info: starplot_chi_b-6_toro1.png  used on input line 3093.
(pdftex.def)             Requested size: 457.77046pt x 447.0436pt.
 [93 <./starplot_rho_b-6_toro1.png>]
<starplot_b_b-6_toro1.png, id=792, 793.93758pt x 782.58086pt>
File: starplot_b_b-6_toro1.png Graphic file (type png)
<use starplot_b_b-6_toro1.png>
Package pdftex.def Info: starplot_b_b-6_toro1.png  used on input line 3113.
(pdftex.def)             Requested size: 469.76382pt x 463.04417pt.
File: starplot_b_b-6_toro1.png Graphic file (type png)
<use starplot_b_b-6_toro1.png>
Package pdftex.def Info: starplot_b_b-6_toro1.png  used on input line 3113.
(pdftex.def)             Requested size: 457.77046pt x 451.21045pt.
 [94 <./starplot_chi_b-6_toro1.png>]
<rho_b-6_toro1.png, id=798, 356.2911pt x 328.8285pt>
File: rho_b-6_toro1.png Graphic file (type png)
<use rho_b-6_toro1.png>
Package pdftex.def Info: rho_b-6_toro1.png  used on input line 3133.
(pdftex.def)             Requested size: 356.29022pt x 328.8277pt.
File: rho_b-6_toro1.png Graphic file (type png)
<use rho_b-6_toro1.png>
Package pdftex.def Info: rho_b-6_toro1.png  used on input line 3133.
(pdftex.def)             Requested size: 356.29022pt x 328.8277pt.
 [95 <./starplot_b_b-6_toro1.png>]
<p_b-6_toro1.png, id=804, 356.2911pt x 328.8285pt>
File: p_b-6_toro1.png Graphic file (type png)
<use p_b-6_toro1.png>
Package pdftex.def Info: p_b-6_toro1.png  used on input line 3153.
(pdftex.def)             Requested size: 356.29022pt x 328.8277pt.
File: p_b-6_toro1.png Graphic file (type png)
<use p_b-6_toro1.png>
Package pdftex.def Info: p_b-6_toro1.png  used on input line 3153.
(pdftex.def)             Requested size: 356.29022pt x 328.8277pt.
 [96 <./rho_b-6_toro1.png>]
<chi_b-6_toro1.png, id=810, 352.6776pt x 328.8285pt>
File: chi_b-6_toro1.png Graphic file (type png)
<use chi_b-6_toro1.png>
Package pdftex.def Info: chi_b-6_toro1.png  used on input line 3173.
(pdftex.def)             Requested size: 352.67673pt x 328.8277pt.
File: chi_b-6_toro1.png Graphic file (type png)
<use chi_b-6_toro1.png>
Package pdftex.def Info: chi_b-6_toro1.png  used on input line 3173.
(pdftex.def)             Requested size: 352.67673pt x 328.8277pt.

[97 <./p_b-6_toro1.png>]
<alpha_b-6_toro1.png, id=816, 362.0727pt x 328.8285pt>
File: alpha_b-6_toro1.png Graphic file (type png)
<use alpha_b-6_toro1.png>
Package pdftex.def Info: alpha_b-6_toro1.png  used on input line 3193.
(pdftex.def)             Requested size: 362.07181pt x 328.8277pt.
File: alpha_b-6_toro1.png Graphic file (type png)
<use alpha_b-6_toro1.png>
Package pdftex.def Info: alpha_b-6_toro1.png  used on input line 3193.
(pdftex.def)             Requested size: 362.07181pt x 328.8277pt.
 [98 <./chi_b-6_toro1.png>]
<psi_b-6_toro1.png, id=822, 362.0727pt x 328.8285pt>
File: psi_b-6_toro1.png Graphic file (type png)
<use psi_b-6_toro1.png>
Package pdftex.def Info: psi_b-6_toro1.png  used on input line 3213.
(pdftex.def)             Requested size: 362.07181pt x 328.8277pt.
File: psi_b-6_toro1.png Graphic file (type png)
<use psi_b-6_toro1.png>
Package pdftex.def Info: psi_b-6_toro1.png  used on input line 3213.
(pdftex.def)             Requested size: 362.07181pt x 328.8277pt.
 [99 <./alpha_b-6_toro1.png>]
<btor_b-6_toro1.png, id=829, 355.5684pt x 328.8285pt>
File: btor_b-6_toro1.png Graphic file (type png)
<use btor_b-6_toro1.png>
Package pdftex.def Info: btor_b-6_toro1.png  used on input line 3233.
(pdftex.def)             Requested size: 355.56752pt x 328.8277pt.
File: btor_b-6_toro1.png Graphic file (type png)
<use btor_b-6_toro1.png>
Package pdftex.def Info: btor_b-6_toro1.png  used on input line 3233.
(pdftex.def)             Requested size: 355.56752pt x 328.8277pt.
 [100 <./psi_b-6_toro1.png>] [101 <./btor_b-6_toro1.png>] [102

]
Chapter 8.
(./xns.ind)
Package atveryend Info: Empty hook `BeforeClearDocument' on input line 3258.
 [103]
Package atveryend Info: Empty hook `AfterLastShipout' on input line 3258.
 (./xns.aux)
Package atveryend Info: Executing hook `AtVeryEndDocument' on input line 3258.
Package atveryend Info: Executing hook `AtEndAfterFileList' on input line 3258.

Package rerunfilecheck Info: File `xns.out' has not changed.
(rerunfilecheck)             Checksum: 77B0100A4FEE00F95A6CCFAF0F38DEAE;10353.
Package atveryend Info: Empty hook `AtVeryVeryEnd' on input line 3258.
 ) 
Here is how much of TeX's memory you used:
 25773 strings out of 492649
 456569 string characters out of 6129622
 501156 words of memory out of 5000000
 29041 multiletter control sequences out of 15000+600000
 581128 words of font info for 62 fonts, out of 8000000 for 9000
 1142 hyphenation exceptions out of 8191
 48i,14n,51p,10405b,537s stack positions out of 5000i,500n,10000p,200000b,80000s
{/usr/local/texlive/2018/texmf-dist/fonts/enc/dvips/tex-gyre/q-ec.enc}{/usr/l
ocal/texlive/2018/texmf-dist/fonts/enc/dvips/tex-gyre/q-ts1.enc}</usr/local/tex
live/2018/texmf-dist/fonts/type1/public/amsfonts/cm/cmex10.pfb></usr/local/texl
ive/2018/texmf-dist/fonts/type1/public/amsfonts/cm/cmmi10.pfb></usr/local/texli
ve/2018/texmf-dist/fonts/type1/public/amsfonts/cm/cmmi5.pfb></usr/local/texlive
/2018/texmf-dist/fonts/type1/public/amsfonts/cm/cmmi7.pfb></usr/local/texlive/2
018/texmf-dist/fonts/type1/public/amsfonts/cm/cmr10.pfb></usr/local/texlive/201
8/texmf-dist/fonts/type1/public/amsfonts/cm/cmr5.pfb></usr/local/texlive/2018/t
exmf-dist/fonts/type1/public/amsfonts/cm/cmr7.pfb></usr/local/texlive/2018/texm
f-dist/fonts/type1/public/amsfonts/cm/cmsy10.pfb></usr/local/texlive/2018/texmf
-dist/fonts/type1/public/amsfonts/cm/cmsy5.pfb></usr/local/texlive/2018/texmf-d
ist/fonts/type1/public/amsfonts/cm/cmsy7.pfb></usr/local/texlive/2018/texmf-dis
t/fonts/type1/public/tex-gyre/qhvb.pfb></usr/local/texlive/2018/texmf-dist/font
s/type1/public/tex-gyre/qhvbi.pfb></usr/local/texlive/2018/texmf-dist/fonts/typ
e1/public/tex-gyre/qtmb.pfb></usr/local/texlive/2018/texmf-dist/fonts/type1/pub
lic/tex-gyre/qtmr.pfb></usr/local/texlive/2018/texmf-dist/fonts/type1/public/te
x-gyre/qtmri.pfb></usr/local/texlive/2018/texmf-dist/fonts/type1/public/txfonts
/t1xtt.pfb></usr/local/texlive/2018/texmf-dist/fonts/type1/public/txfonts/tcxtt
.pfb>
Output written on xns.pdf (107 pages, 5734107 bytes).
PDF statistics:
 944 PDF objects out of 1000 (max. 8388607)
 650 compressed objects within 7 object streams
 152 named destinations out of 1000 (max. 500000)
 763 words of extra memory for PDF output out of 10000 (max. 10000000)

